{"/Users/danidewaal/Desktop/GraceShopper/client/components/auth-form.spec.js":{"path":"/Users/danidewaal/Desktop/GraceShopper/client/components/auth-form.spec.js","statementMap":{"0":{"start":{"line":3,"column":16},"end":{"line":3,"column":38}},"1":{"start":{"line":5,"column":12},"end":{"line":5,"column":27}},"2":{"start":{"line":7,"column":14},"end":{"line":7,"column":31}},"3":{"start":{"line":9,"column":13},"end":{"line":9,"column":29}},"4":{"start":{"line":11,"column":14},"end":{"line":11,"column":44}},"5":{"start":{"line":13,"column":39},"end":{"line":13,"column":93}},"6":{"start":{"line":15,"column":0},"end":{"line":23,"column":3}},"7":{"start":{"line":16,"column":2},"end":{"line":22,"column":5}},"8":{"start":{"line":17,"column":20},"end":{"line":17,"column":50}},"9":{"start":{"line":19,"column":4},"end":{"line":21,"column":7}},"10":{"start":{"line":20,"column":6},"end":{"line":20,"column":89}}},"fnMap":{"0":{"name":"_interopRequireDefault","decl":{"start":{"line":13,"column":9},"end":{"line":13,"column":31}},"loc":{"start":{"line":13,"column":37},"end":{"line":13,"column":95}},"line":13},"1":{"name":"(anonymous_1)","decl":{"start":{"line":15,"column":21},"end":{"line":15,"column":22}},"loc":{"start":{"line":15,"column":33},"end":{"line":23,"column":1}},"line":15},"2":{"name":"(anonymous_2)","decl":{"start":{"line":16,"column":36},"end":{"line":16,"column":37}},"loc":{"start":{"line":16,"column":48},"end":{"line":22,"column":3}},"line":16},"3":{"name":"(anonymous_3)","decl":{"start":{"line":19,"column":52},"end":{"line":19,"column":53}},"loc":{"start":{"line":19,"column":64},"end":{"line":21,"column":5}},"line":19}},"branchMap":{"0":{"loc":{"start":{"line":13,"column":46},"end":{"line":13,"column":92}},"type":"cond-expr","locations":[{"start":{"line":13,"column":70},"end":{"line":13,"column":73}},{"start":{"line":13,"column":76},"end":{"line":13,"column":92}}],"line":13},"1":{"loc":{"start":{"line":13,"column":46},"end":{"line":13,"column":67}},"type":"binary-expr","locations":[{"start":{"line":13,"column":46},"end":{"line":13,"column":49}},{"start":{"line":13,"column":53},"end":{"line":13,"column":67}}],"line":13}},"s":{"0":1,"1":1,"2":1,"3":1,"4":1,"5":1,"6":1,"7":1,"8":1,"9":1,"10":0},"f":{"0":1,"1":1,"2":1,"3":0},"b":{"0":[0,1],"1":[1,1]},"_coverageSchema":"332fd63041d2c1bcb487cc26dd0d5f7d97098a6c","hash":"879e0b949577e92747a846b969e3d7d70645b32c","contentHash":"ef2bf61f62146e11a9c553d4bdc7ef77_11.4.1"},"/Users/danidewaal/Desktop/GraceShopper/client/components/auth-form.js":{"path":"/Users/danidewaal/Desktop/GraceShopper/client/components/auth-form.js","statementMap":{"0":{"start":{"line":3,"column":0},"end":{"line":5,"column":3}},"1":{"start":{"line":6,"column":0},"end":{"line":6,"column":62}},"2":{"start":{"line":8,"column":13},"end":{"line":8,"column":29}},"3":{"start":{"line":10,"column":14},"end":{"line":10,"column":44}},"4":{"start":{"line":12,"column":18},"end":{"line":12,"column":40}},"5":{"start":{"line":14,"column":17},"end":{"line":14,"column":38}},"6":{"start":{"line":16,"column":18},"end":{"line":16,"column":52}},"7":{"start":{"line":18,"column":13},"end":{"line":18,"column":32}},"8":{"start":{"line":20,"column":39},"end":{"line":20,"column":93}},"9":{"start":{"line":25,"column":15},"end":{"line":90,"column":1}},"10":{"start":{"line":26,"column":13},"end":{"line":26,"column":23}},"11":{"start":{"line":27,"column":20},"end":{"line":27,"column":37}},"12":{"start":{"line":28,"column":21},"end":{"line":28,"column":39}},"13":{"start":{"line":29,"column":14},"end":{"line":29,"column":25}},"14":{"start":{"line":32,"column":2},"end":{"line":89,"column":4}},"15":{"start":{"line":99,"column":15},"end":{"line":105,"column":1}},"16":{"start":{"line":100,"column":2},"end":{"line":104,"column":4}},"17":{"start":{"line":107,"column":16},"end":{"line":113,"column":1}},"18":{"start":{"line":108,"column":2},"end":{"line":112,"column":4}},"19":{"start":{"line":115,"column":25},"end":{"line":125,"column":1}},"20":{"start":{"line":116,"column":2},"end":{"line":124,"column":4}},"21":{"start":{"line":118,"column":6},"end":{"line":118,"column":27}},"22":{"start":{"line":119,"column":21},"end":{"line":119,"column":36}},"23":{"start":{"line":120,"column":18},"end":{"line":120,"column":40}},"24":{"start":{"line":121,"column":21},"end":{"line":121,"column":46}},"25":{"start":{"line":122,"column":6},"end":{"line":122,"column":60}},"26":{"start":{"line":127,"column":18},"end":{"line":138,"column":1}},"27":{"start":{"line":128,"column":2},"end":{"line":137,"column":4}},"28":{"start":{"line":130,"column":6},"end":{"line":130,"column":27}},"29":{"start":{"line":131,"column":21},"end":{"line":131,"column":36}},"30":{"start":{"line":132,"column":18},"end":{"line":132,"column":40}},"31":{"start":{"line":133,"column":21},"end":{"line":133,"column":46}},"32":{"start":{"line":134,"column":6},"end":{"line":134,"column":60}},"33":{"start":{"line":135,"column":6},"end":{"line":135,"column":77}},"34":{"start":{"line":140,"column":12},"end":{"line":140,"column":92}},"35":{"start":{"line":141,"column":13},"end":{"line":141,"column":88}},"36":{"start":{"line":146,"column":0},"end":{"line":151,"column":2}}},"fnMap":{"0":{"name":"_interopRequireDefault","decl":{"start":{"line":20,"column":9},"end":{"line":20,"column":31}},"loc":{"start":{"line":20,"column":37},"end":{"line":20,"column":95}},"line":20},"1":{"name":"AuthForm","decl":{"start":{"line":25,"column":24},"end":{"line":25,"column":32}},"loc":{"start":{"line":25,"column":40},"end":{"line":90,"column":1}},"line":25},"2":{"name":"mapLogin","decl":{"start":{"line":99,"column":43},"end":{"line":99,"column":51}},"loc":{"start":{"line":99,"column":59},"end":{"line":105,"column":1}},"line":99},"3":{"name":"mapSignup","decl":{"start":{"line":107,"column":25},"end":{"line":107,"column":34}},"loc":{"start":{"line":107,"column":42},"end":{"line":113,"column":1}},"line":107},"4":{"name":"mapDispatchToProps","decl":{"start":{"line":115,"column":34},"end":{"line":115,"column":52}},"loc":{"start":{"line":115,"column":63},"end":{"line":125,"column":1}},"line":115},"5":{"name":"handleSubmit","decl":{"start":{"line":117,"column":27},"end":{"line":117,"column":39}},"loc":{"start":{"line":117,"column":45},"end":{"line":123,"column":5}},"line":117},"6":{"name":"mapDispatch","decl":{"start":{"line":127,"column":27},"end":{"line":127,"column":38}},"loc":{"start":{"line":127,"column":49},"end":{"line":138,"column":1}},"line":127},"7":{"name":"handleSubmit","decl":{"start":{"line":129,"column":27},"end":{"line":129,"column":39}},"loc":{"start":{"line":129,"column":45},"end":{"line":136,"column":5}},"line":129}},"branchMap":{"0":{"loc":{"start":{"line":20,"column":46},"end":{"line":20,"column":92}},"type":"cond-expr","locations":[{"start":{"line":20,"column":70},"end":{"line":20,"column":73}},{"start":{"line":20,"column":76},"end":{"line":20,"column":92}}],"line":20},"1":{"loc":{"start":{"line":20,"column":46},"end":{"line":20,"column":67}},"type":"binary-expr","locations":[{"start":{"line":20,"column":46},"end":{"line":20,"column":49}},{"start":{"line":20,"column":53},"end":{"line":20,"column":67}}],"line":20},"2":{"loc":{"start":{"line":75,"column":6},"end":{"line":81,"column":7}},"type":"binary-expr","locations":[{"start":{"line":75,"column":6},"end":{"line":75,"column":11}},{"start":{"line":75,"column":15},"end":{"line":75,"column":29}},{"start":{"line":75,"column":33},"end":{"line":81,"column":7}}],"line":75}},"s":{"0":1,"1":1,"2":1,"3":1,"4":1,"5":1,"6":1,"7":1,"8":2,"9":1,"10":0,"11":0,"12":0,"13":0,"14":0,"15":1,"16":0,"17":1,"18":0,"19":1,"20":0,"21":0,"22":0,"23":0,"24":0,"25":0,"26":1,"27":0,"28":0,"29":0,"30":0,"31":0,"32":0,"33":0,"34":1,"35":1,"36":1},"f":{"0":2,"1":0,"2":0,"3":0,"4":0,"5":0,"6":0,"7":0},"b":{"0":[0,2],"1":[2,2],"2":[0,0,0]},"_coverageSchema":"332fd63041d2c1bcb487cc26dd0d5f7d97098a6c","hash":"691b4c87a15bcbff239e53d8eb609b5fba5e2976","contentHash":"751b73ec8394cbfe7f89b9211563631e_11.4.1"},"/Users/danidewaal/Desktop/GraceShopper/client/store/index.js":{"path":"/Users/danidewaal/Desktop/GraceShopper/client/store/index.js","statementMap":{"0":{"start":{"line":3,"column":0},"end":{"line":5,"column":3}},"1":{"start":{"line":7,"column":12},"end":{"line":7,"column":29}},"2":{"start":{"line":9,"column":0},"end":{"line":17,"column":3}},"3":{"start":{"line":10,"column":2},"end":{"line":10,"column":56}},"4":{"start":{"line":10,"column":49},"end":{"line":10,"column":56}},"5":{"start":{"line":11,"column":2},"end":{"line":16,"column":5}},"6":{"start":{"line":14,"column":6},"end":{"line":14,"column":24}},"7":{"start":{"line":19,"column":15},"end":{"line":19,"column":35}},"8":{"start":{"line":21,"column":0},"end":{"line":29,"column":3}},"9":{"start":{"line":22,"column":2},"end":{"line":22,"column":56}},"10":{"start":{"line":22,"column":49},"end":{"line":22,"column":56}},"11":{"start":{"line":23,"column":2},"end":{"line":28,"column":5}},"12":{"start":{"line":26,"column":6},"end":{"line":26,"column":27}},"13":{"start":{"line":31,"column":16},"end":{"line":31,"column":37}},"14":{"start":{"line":33,"column":0},"end":{"line":41,"column":3}},"15":{"start":{"line":34,"column":2},"end":{"line":34,"column":56}},"16":{"start":{"line":34,"column":49},"end":{"line":34,"column":56}},"17":{"start":{"line":35,"column":2},"end":{"line":40,"column":5}},"18":{"start":{"line":38,"column":6},"end":{"line":38,"column":28}},"19":{"start":{"line":43,"column":13},"end":{"line":43,"column":31}},"20":{"start":{"line":45,"column":0},"end":{"line":53,"column":3}},"21":{"start":{"line":46,"column":2},"end":{"line":46,"column":56}},"22":{"start":{"line":46,"column":49},"end":{"line":46,"column":56}},"23":{"start":{"line":47,"column":2},"end":{"line":52,"column":5}},"24":{"start":{"line":50,"column":6},"end":{"line":50,"column":25}},"25":{"start":{"line":55,"column":15},"end":{"line":55,"column":35}},"26":{"start":{"line":57,"column":0},"end":{"line":65,"column":3}},"27":{"start":{"line":58,"column":2},"end":{"line":58,"column":56}},"28":{"start":{"line":58,"column":49},"end":{"line":58,"column":56}},"29":{"start":{"line":59,"column":2},"end":{"line":64,"column":5}},"30":{"start":{"line":62,"column":6},"end":{"line":62,"column":27}},"31":{"start":{"line":67,"column":12},"end":{"line":67,"column":29}},"32":{"start":{"line":69,"column":0},"end":{"line":77,"column":3}},"33":{"start":{"line":70,"column":2},"end":{"line":70,"column":56}},"34":{"start":{"line":70,"column":49},"end":{"line":70,"column":56}},"35":{"start":{"line":71,"column":2},"end":{"line":76,"column":5}},"36":{"start":{"line":74,"column":6},"end":{"line":74,"column":24}},"37":{"start":{"line":79,"column":16},"end":{"line":79,"column":37}},"38":{"start":{"line":81,"column":0},"end":{"line":89,"column":3}},"39":{"start":{"line":82,"column":2},"end":{"line":82,"column":56}},"40":{"start":{"line":82,"column":49},"end":{"line":82,"column":56}},"41":{"start":{"line":83,"column":2},"end":{"line":88,"column":5}},"42":{"start":{"line":86,"column":6},"end":{"line":86,"column":28}},"43":{"start":{"line":91,"column":13},"end":{"line":91,"column":31}},"44":{"start":{"line":93,"column":0},"end":{"line":101,"column":3}},"45":{"start":{"line":94,"column":2},"end":{"line":94,"column":56}},"46":{"start":{"line":94,"column":49},"end":{"line":94,"column":56}},"47":{"start":{"line":95,"column":2},"end":{"line":100,"column":5}},"48":{"start":{"line":98,"column":6},"end":{"line":98,"column":25}},"49":{"start":{"line":103,"column":15},"end":{"line":103,"column":35}},"50":{"start":{"line":105,"column":0},"end":{"line":113,"column":3}},"51":{"start":{"line":106,"column":2},"end":{"line":106,"column":56}},"52":{"start":{"line":106,"column":49},"end":{"line":106,"column":56}},"53":{"start":{"line":107,"column":2},"end":{"line":112,"column":5}},"54":{"start":{"line":110,"column":6},"end":{"line":110,"column":27}},"55":{"start":{"line":115,"column":23},"end":{"line":115,"column":51}},"56":{"start":{"line":117,"column":0},"end":{"line":125,"column":3}},"57":{"start":{"line":118,"column":2},"end":{"line":118,"column":56}},"58":{"start":{"line":118,"column":49},"end":{"line":118,"column":56}},"59":{"start":{"line":119,"column":2},"end":{"line":124,"column":5}},"60":{"start":{"line":122,"column":6},"end":{"line":122,"column":35}},"61":{"start":{"line":127,"column":19},"end":{"line":127,"column":43}},"62":{"start":{"line":129,"column":0},"end":{"line":137,"column":3}},"63":{"start":{"line":130,"column":2},"end":{"line":130,"column":56}},"64":{"start":{"line":130,"column":49},"end":{"line":130,"column":56}},"65":{"start":{"line":131,"column":2},"end":{"line":136,"column":5}},"66":{"start":{"line":134,"column":6},"end":{"line":134,"column":31}},"67":{"start":{"line":139,"column":13},"end":{"line":139,"column":29}},"68":{"start":{"line":141,"column":19},"end":{"line":141,"column":42}},"69":{"start":{"line":143,"column":20},"end":{"line":143,"column":56}},"70":{"start":{"line":145,"column":18},"end":{"line":145,"column":40}},"71":{"start":{"line":147,"column":19},"end":{"line":147,"column":54}},"72":{"start":{"line":149,"column":30},"end":{"line":149,"column":65}},"73":{"start":{"line":151,"column":13},"end":{"line":151,"column":42}},"74":{"start":{"line":153,"column":16},"end":{"line":153,"column":48}},"75":{"start":{"line":155,"column":17},"end":{"line":155,"column":50}},"76":{"start":{"line":157,"column":16},"end":{"line":157,"column":48}},"77":{"start":{"line":159,"column":14},"end":{"line":159,"column":44}},"78":{"start":{"line":161,"column":13},"end":{"line":161,"column":42}},"79":{"start":{"line":163,"column":17},"end":{"line":163,"column":50}},"80":{"start":{"line":165,"column":14},"end":{"line":165,"column":44}},"81":{"start":{"line":167,"column":16},"end":{"line":167,"column":48}},"82":{"start":{"line":169,"column":24},"end":{"line":169,"column":64}},"83":{"start":{"line":171,"column":20},"end":{"line":171,"column":56}},"84":{"start":{"line":173,"column":39},"end":{"line":173,"column":93}},"85":{"start":{"line":175,"column":14},"end":{"line":175,"column":365}},"86":{"start":{"line":177,"column":17},"end":{"line":177,"column":165}},"87":{"start":{"line":179,"column":12},"end":{"line":179,"column":56}},"88":{"start":{"line":181,"column":0},"end":{"line":181,"column":24}}},"fnMap":{"0":{"name":"(anonymous_0)","decl":{"start":{"line":9,"column":27},"end":{"line":9,"column":28}},"loc":{"start":{"line":9,"column":42},"end":{"line":17,"column":1}},"line":9},"1":{"name":"get","decl":{"start":{"line":13,"column":18},"end":{"line":13,"column":21}},"loc":{"start":{"line":13,"column":24},"end":{"line":15,"column":5}},"line":13},"2":{"name":"(anonymous_2)","decl":{"start":{"line":21,"column":30},"end":{"line":21,"column":31}},"loc":{"start":{"line":21,"column":45},"end":{"line":29,"column":1}},"line":21},"3":{"name":"get","decl":{"start":{"line":25,"column":18},"end":{"line":25,"column":21}},"loc":{"start":{"line":25,"column":24},"end":{"line":27,"column":5}},"line":25},"4":{"name":"(anonymous_4)","decl":{"start":{"line":33,"column":31},"end":{"line":33,"column":32}},"loc":{"start":{"line":33,"column":46},"end":{"line":41,"column":1}},"line":33},"5":{"name":"get","decl":{"start":{"line":37,"column":18},"end":{"line":37,"column":21}},"loc":{"start":{"line":37,"column":24},"end":{"line":39,"column":5}},"line":37},"6":{"name":"(anonymous_6)","decl":{"start":{"line":45,"column":28},"end":{"line":45,"column":29}},"loc":{"start":{"line":45,"column":43},"end":{"line":53,"column":1}},"line":45},"7":{"name":"get","decl":{"start":{"line":49,"column":18},"end":{"line":49,"column":21}},"loc":{"start":{"line":49,"column":24},"end":{"line":51,"column":5}},"line":49},"8":{"name":"(anonymous_8)","decl":{"start":{"line":57,"column":30},"end":{"line":57,"column":31}},"loc":{"start":{"line":57,"column":45},"end":{"line":65,"column":1}},"line":57},"9":{"name":"get","decl":{"start":{"line":61,"column":18},"end":{"line":61,"column":21}},"loc":{"start":{"line":61,"column":24},"end":{"line":63,"column":5}},"line":61},"10":{"name":"(anonymous_10)","decl":{"start":{"line":69,"column":27},"end":{"line":69,"column":28}},"loc":{"start":{"line":69,"column":42},"end":{"line":77,"column":1}},"line":69},"11":{"name":"get","decl":{"start":{"line":73,"column":18},"end":{"line":73,"column":21}},"loc":{"start":{"line":73,"column":24},"end":{"line":75,"column":5}},"line":73},"12":{"name":"(anonymous_12)","decl":{"start":{"line":81,"column":31},"end":{"line":81,"column":32}},"loc":{"start":{"line":81,"column":46},"end":{"line":89,"column":1}},"line":81},"13":{"name":"get","decl":{"start":{"line":85,"column":18},"end":{"line":85,"column":21}},"loc":{"start":{"line":85,"column":24},"end":{"line":87,"column":5}},"line":85},"14":{"name":"(anonymous_14)","decl":{"start":{"line":93,"column":28},"end":{"line":93,"column":29}},"loc":{"start":{"line":93,"column":43},"end":{"line":101,"column":1}},"line":93},"15":{"name":"get","decl":{"start":{"line":97,"column":18},"end":{"line":97,"column":21}},"loc":{"start":{"line":97,"column":24},"end":{"line":99,"column":5}},"line":97},"16":{"name":"(anonymous_16)","decl":{"start":{"line":105,"column":30},"end":{"line":105,"column":31}},"loc":{"start":{"line":105,"column":45},"end":{"line":113,"column":1}},"line":105},"17":{"name":"get","decl":{"start":{"line":109,"column":18},"end":{"line":109,"column":21}},"loc":{"start":{"line":109,"column":24},"end":{"line":111,"column":5}},"line":109},"18":{"name":"(anonymous_18)","decl":{"start":{"line":117,"column":38},"end":{"line":117,"column":39}},"loc":{"start":{"line":117,"column":53},"end":{"line":125,"column":1}},"line":117},"19":{"name":"get","decl":{"start":{"line":121,"column":18},"end":{"line":121,"column":21}},"loc":{"start":{"line":121,"column":24},"end":{"line":123,"column":5}},"line":121},"20":{"name":"(anonymous_20)","decl":{"start":{"line":129,"column":34},"end":{"line":129,"column":35}},"loc":{"start":{"line":129,"column":49},"end":{"line":137,"column":1}},"line":129},"21":{"name":"get","decl":{"start":{"line":133,"column":18},"end":{"line":133,"column":21}},"loc":{"start":{"line":133,"column":24},"end":{"line":135,"column":5}},"line":133},"22":{"name":"_interopRequireDefault","decl":{"start":{"line":173,"column":9},"end":{"line":173,"column":31}},"loc":{"start":{"line":173,"column":37},"end":{"line":173,"column":95}},"line":173}},"branchMap":{"0":{"loc":{"start":{"line":10,"column":2},"end":{"line":10,"column":56}},"type":"if","locations":[{"start":{"line":10,"column":2},"end":{"line":10,"column":56}},{"start":{"line":10,"column":2},"end":{"line":10,"column":56}}],"line":10},"1":{"loc":{"start":{"line":10,"column":6},"end":{"line":10,"column":47}},"type":"binary-expr","locations":[{"start":{"line":10,"column":6},"end":{"line":10,"column":23}},{"start":{"line":10,"column":27},"end":{"line":10,"column":47}}],"line":10},"2":{"loc":{"start":{"line":22,"column":2},"end":{"line":22,"column":56}},"type":"if","locations":[{"start":{"line":22,"column":2},"end":{"line":22,"column":56}},{"start":{"line":22,"column":2},"end":{"line":22,"column":56}}],"line":22},"3":{"loc":{"start":{"line":22,"column":6},"end":{"line":22,"column":47}},"type":"binary-expr","locations":[{"start":{"line":22,"column":6},"end":{"line":22,"column":23}},{"start":{"line":22,"column":27},"end":{"line":22,"column":47}}],"line":22},"4":{"loc":{"start":{"line":34,"column":2},"end":{"line":34,"column":56}},"type":"if","locations":[{"start":{"line":34,"column":2},"end":{"line":34,"column":56}},{"start":{"line":34,"column":2},"end":{"line":34,"column":56}}],"line":34},"5":{"loc":{"start":{"line":34,"column":6},"end":{"line":34,"column":47}},"type":"binary-expr","locations":[{"start":{"line":34,"column":6},"end":{"line":34,"column":23}},{"start":{"line":34,"column":27},"end":{"line":34,"column":47}}],"line":34},"6":{"loc":{"start":{"line":46,"column":2},"end":{"line":46,"column":56}},"type":"if","locations":[{"start":{"line":46,"column":2},"end":{"line":46,"column":56}},{"start":{"line":46,"column":2},"end":{"line":46,"column":56}}],"line":46},"7":{"loc":{"start":{"line":46,"column":6},"end":{"line":46,"column":47}},"type":"binary-expr","locations":[{"start":{"line":46,"column":6},"end":{"line":46,"column":23}},{"start":{"line":46,"column":27},"end":{"line":46,"column":47}}],"line":46},"8":{"loc":{"start":{"line":58,"column":2},"end":{"line":58,"column":56}},"type":"if","locations":[{"start":{"line":58,"column":2},"end":{"line":58,"column":56}},{"start":{"line":58,"column":2},"end":{"line":58,"column":56}}],"line":58},"9":{"loc":{"start":{"line":58,"column":6},"end":{"line":58,"column":47}},"type":"binary-expr","locations":[{"start":{"line":58,"column":6},"end":{"line":58,"column":23}},{"start":{"line":58,"column":27},"end":{"line":58,"column":47}}],"line":58},"10":{"loc":{"start":{"line":70,"column":2},"end":{"line":70,"column":56}},"type":"if","locations":[{"start":{"line":70,"column":2},"end":{"line":70,"column":56}},{"start":{"line":70,"column":2},"end":{"line":70,"column":56}}],"line":70},"11":{"loc":{"start":{"line":70,"column":6},"end":{"line":70,"column":47}},"type":"binary-expr","locations":[{"start":{"line":70,"column":6},"end":{"line":70,"column":23}},{"start":{"line":70,"column":27},"end":{"line":70,"column":47}}],"line":70},"12":{"loc":{"start":{"line":82,"column":2},"end":{"line":82,"column":56}},"type":"if","locations":[{"start":{"line":82,"column":2},"end":{"line":82,"column":56}},{"start":{"line":82,"column":2},"end":{"line":82,"column":56}}],"line":82},"13":{"loc":{"start":{"line":82,"column":6},"end":{"line":82,"column":47}},"type":"binary-expr","locations":[{"start":{"line":82,"column":6},"end":{"line":82,"column":23}},{"start":{"line":82,"column":27},"end":{"line":82,"column":47}}],"line":82},"14":{"loc":{"start":{"line":94,"column":2},"end":{"line":94,"column":56}},"type":"if","locations":[{"start":{"line":94,"column":2},"end":{"line":94,"column":56}},{"start":{"line":94,"column":2},"end":{"line":94,"column":56}}],"line":94},"15":{"loc":{"start":{"line":94,"column":6},"end":{"line":94,"column":47}},"type":"binary-expr","locations":[{"start":{"line":94,"column":6},"end":{"line":94,"column":23}},{"start":{"line":94,"column":27},"end":{"line":94,"column":47}}],"line":94},"16":{"loc":{"start":{"line":106,"column":2},"end":{"line":106,"column":56}},"type":"if","locations":[{"start":{"line":106,"column":2},"end":{"line":106,"column":56}},{"start":{"line":106,"column":2},"end":{"line":106,"column":56}}],"line":106},"17":{"loc":{"start":{"line":106,"column":6},"end":{"line":106,"column":47}},"type":"binary-expr","locations":[{"start":{"line":106,"column":6},"end":{"line":106,"column":23}},{"start":{"line":106,"column":27},"end":{"line":106,"column":47}}],"line":106},"18":{"loc":{"start":{"line":118,"column":2},"end":{"line":118,"column":56}},"type":"if","locations":[{"start":{"line":118,"column":2},"end":{"line":118,"column":56}},{"start":{"line":118,"column":2},"end":{"line":118,"column":56}}],"line":118},"19":{"loc":{"start":{"line":118,"column":6},"end":{"line":118,"column":47}},"type":"binary-expr","locations":[{"start":{"line":118,"column":6},"end":{"line":118,"column":23}},{"start":{"line":118,"column":27},"end":{"line":118,"column":47}}],"line":118},"20":{"loc":{"start":{"line":130,"column":2},"end":{"line":130,"column":56}},"type":"if","locations":[{"start":{"line":130,"column":2},"end":{"line":130,"column":56}},{"start":{"line":130,"column":2},"end":{"line":130,"column":56}}],"line":130},"21":{"loc":{"start":{"line":130,"column":6},"end":{"line":130,"column":47}},"type":"binary-expr","locations":[{"start":{"line":130,"column":6},"end":{"line":130,"column":23}},{"start":{"line":130,"column":27},"end":{"line":130,"column":47}}],"line":130},"22":{"loc":{"start":{"line":173,"column":46},"end":{"line":173,"column":92}},"type":"cond-expr","locations":[{"start":{"line":173,"column":70},"end":{"line":173,"column":73}},{"start":{"line":173,"column":76},"end":{"line":173,"column":92}}],"line":173},"23":{"loc":{"start":{"line":173,"column":46},"end":{"line":173,"column":67}},"type":"binary-expr","locations":[{"start":{"line":173,"column":46},"end":{"line":173,"column":49}},{"start":{"line":173,"column":53},"end":{"line":173,"column":67}}],"line":173}},"s":{"0":1,"1":1,"2":1,"3":5,"4":1,"5":4,"6":0,"7":1,"8":1,"9":4,"10":1,"11":3,"12":0,"13":1,"14":1,"15":3,"16":1,"17":2,"18":0,"19":1,"20":1,"21":4,"22":1,"23":3,"24":0,"25":1,"26":1,"27":5,"28":1,"29":4,"30":0,"31":1,"32":1,"33":2,"34":1,"35":1,"36":0,"37":1,"38":1,"39":3,"40":1,"41":2,"42":0,"43":1,"44":1,"45":3,"46":1,"47":2,"48":0,"49":1,"50":1,"51":5,"52":1,"53":4,"54":0,"55":1,"56":1,"57":2,"58":1,"59":1,"60":0,"61":1,"62":1,"63":2,"64":1,"65":1,"66":0,"67":1,"68":1,"69":1,"70":1,"71":1,"72":1,"73":1,"74":1,"75":1,"76":1,"77":1,"78":1,"79":1,"80":1,"81":1,"82":1,"83":1,"84":13,"85":1,"86":1,"87":1,"88":1},"f":{"0":5,"1":0,"2":4,"3":0,"4":3,"5":0,"6":4,"7":0,"8":5,"9":0,"10":2,"11":0,"12":3,"13":0,"14":3,"15":0,"16":5,"17":0,"18":2,"19":0,"20":2,"21":0,"22":13},"b":{"0":[1,4],"1":[5,4],"2":[1,3],"3":[4,3],"4":[1,2],"5":[3,2],"6":[1,3],"7":[4,3],"8":[1,4],"9":[5,4],"10":[1,1],"11":[2,1],"12":[1,2],"13":[3,2],"14":[1,2],"15":[3,2],"16":[1,4],"17":[5,4],"18":[1,1],"19":[2,1],"20":[1,1],"21":[2,1],"22":[12,1],"23":[13,13]},"_coverageSchema":"332fd63041d2c1bcb487cc26dd0d5f7d97098a6c","hash":"eec6dba42e02e9293a65f1c26a8c53b1ec3fc8ba","contentHash":"d69d176083a1be5c8e7aa593423d90a7_11.4.1"},"/Users/danidewaal/Desktop/GraceShopper/client/store/auth.js":{"path":"/Users/danidewaal/Desktop/GraceShopper/client/store/auth.js","statementMap":{"0":{"start":{"line":3,"column":0},"end":{"line":5,"column":3}},"1":{"start":{"line":6,"column":0},"end":{"line":6,"column":55}},"2":{"start":{"line":7,"column":0},"end":{"line":7,"column":28}},"3":{"start":{"line":9,"column":0},"end":{"line":21,"column":2}},"4":{"start":{"line":10,"column":14},"end":{"line":10,"column":93}},"5":{"start":{"line":11,"column":15},"end":{"line":11,"column":27}},"6":{"start":{"line":13,"column":2},"end":{"line":20,"column":3}},"7":{"start":{"line":15,"column":6},"end":{"line":15,"column":25}},"8":{"start":{"line":17,"column":6},"end":{"line":17,"column":25}},"9":{"start":{"line":19,"column":6},"end":{"line":19,"column":19}},"10":{"start":{"line":23,"column":13},"end":{"line":23,"column":29}},"11":{"start":{"line":25,"column":14},"end":{"line":25,"column":44}},"12":{"start":{"line":27,"column":15},"end":{"line":27,"column":36}},"13":{"start":{"line":29,"column":16},"end":{"line":29,"column":48}},"14":{"start":{"line":31,"column":39},"end":{"line":31,"column":93}},"15":{"start":{"line":36,"column":15},"end":{"line":36,"column":25}},"16":{"start":{"line":37,"column":18},"end":{"line":37,"column":31}},"17":{"start":{"line":42,"column":18},"end":{"line":42,"column":20}},"18":{"start":{"line":47,"column":14},"end":{"line":49,"column":1}},"19":{"start":{"line":48,"column":2},"end":{"line":48,"column":40}},"20":{"start":{"line":50,"column":17},"end":{"line":52,"column":1}},"21":{"start":{"line":51,"column":2},"end":{"line":51,"column":31}},"22":{"start":{"line":57,"column":9},"end":{"line":65,"column":1}},"23":{"start":{"line":58,"column":2},"end":{"line":64,"column":4}},"24":{"start":{"line":59,"column":4},"end":{"line":63,"column":7}},"25":{"start":{"line":60,"column":6},"end":{"line":60,"column":56}},"26":{"start":{"line":62,"column":6},"end":{"line":62,"column":30}},"27":{"start":{"line":67,"column":11},"end":{"line":79,"column":1}},"28":{"start":{"line":68,"column":2},"end":{"line":78,"column":4}},"29":{"start":{"line":69,"column":4},"end":{"line":77,"column":7}},"30":{"start":{"line":70,"column":6},"end":{"line":70,"column":34}},"31":{"start":{"line":71,"column":6},"end":{"line":71,"column":53}},"32":{"start":{"line":74,"column":6},"end":{"line":74,"column":46}},"33":{"start":{"line":76,"column":6},"end":{"line":76,"column":49}},"34":{"start":{"line":81,"column":13},"end":{"line":90,"column":1}},"35":{"start":{"line":82,"column":2},"end":{"line":89,"column":4}},"36":{"start":{"line":83,"column":4},"end":{"line":88,"column":7}},"37":{"start":{"line":84,"column":6},"end":{"line":84,"column":29}},"38":{"start":{"line":85,"column":6},"end":{"line":85,"column":39}},"39":{"start":{"line":87,"column":6},"end":{"line":87,"column":30}},"40":{"start":{"line":93,"column":2},"end":{"line":100,"column":4}},"41":{"start":{"line":94,"column":4},"end":{"line":99,"column":7}},"42":{"start":{"line":95,"column":6},"end":{"line":95,"column":35}},"43":{"start":{"line":96,"column":6},"end":{"line":96,"column":44}},"44":{"start":{"line":98,"column":6},"end":{"line":98,"column":55}}},"fnMap":{"0":{"name":"(anonymous_0)","decl":{"start":{"line":9,"column":18},"end":{"line":9,"column":19}},"loc":{"start":{"line":9,"column":30},"end":{"line":21,"column":1}},"line":9},"1":{"name":"_interopRequireDefault","decl":{"start":{"line":31,"column":9},"end":{"line":31,"column":31}},"loc":{"start":{"line":31,"column":37},"end":{"line":31,"column":95}},"line":31},"2":{"name":"getUser","decl":{"start":{"line":47,"column":23},"end":{"line":47,"column":30}},"loc":{"start":{"line":47,"column":37},"end":{"line":49,"column":1}},"line":47},"3":{"name":"removeUser","decl":{"start":{"line":50,"column":26},"end":{"line":50,"column":36}},"loc":{"start":{"line":50,"column":39},"end":{"line":52,"column":1}},"line":50},"4":{"name":"me","decl":{"start":{"line":57,"column":31},"end":{"line":57,"column":33}},"loc":{"start":{"line":57,"column":36},"end":{"line":65,"column":1}},"line":57},"5":{"name":"(anonymous_5)","decl":{"start":{"line":58,"column":9},"end":{"line":58,"column":10}},"loc":{"start":{"line":58,"column":29},"end":{"line":64,"column":3}},"line":58},"6":{"name":"(anonymous_6)","decl":{"start":{"line":59,"column":48},"end":{"line":59,"column":49}},"loc":{"start":{"line":59,"column":63},"end":{"line":61,"column":5}},"line":59},"7":{"name":"(anonymous_7)","decl":{"start":{"line":61,"column":13},"end":{"line":61,"column":14}},"loc":{"start":{"line":61,"column":28},"end":{"line":63,"column":5}},"line":61},"8":{"name":"auth","decl":{"start":{"line":67,"column":35},"end":{"line":67,"column":39}},"loc":{"start":{"line":67,"column":65},"end":{"line":79,"column":1}},"line":67},"9":{"name":"(anonymous_9)","decl":{"start":{"line":68,"column":9},"end":{"line":68,"column":10}},"loc":{"start":{"line":68,"column":29},"end":{"line":78,"column":3}},"line":68},"10":{"name":"(anonymous_10)","decl":{"start":{"line":69,"column":94},"end":{"line":69,"column":95}},"loc":{"start":{"line":69,"column":109},"end":{"line":72,"column":5}},"line":69},"11":{"name":"(anonymous_11)","decl":{"start":{"line":72,"column":7},"end":{"line":72,"column":8}},"loc":{"start":{"line":72,"column":28},"end":{"line":75,"column":5}},"line":72},"12":{"name":"(anonymous_12)","decl":{"start":{"line":75,"column":13},"end":{"line":75,"column":14}},"loc":{"start":{"line":75,"column":45},"end":{"line":77,"column":5}},"line":75},"13":{"name":"logout","decl":{"start":{"line":81,"column":39},"end":{"line":81,"column":45}},"loc":{"start":{"line":81,"column":48},"end":{"line":90,"column":1}},"line":81},"14":{"name":"(anonymous_14)","decl":{"start":{"line":82,"column":9},"end":{"line":82,"column":10}},"loc":{"start":{"line":82,"column":29},"end":{"line":89,"column":3}},"line":82},"15":{"name":"(anonymous_15)","decl":{"start":{"line":83,"column":53},"end":{"line":83,"column":54}},"loc":{"start":{"line":83,"column":66},"end":{"line":86,"column":5}},"line":83},"16":{"name":"(anonymous_16)","decl":{"start":{"line":86,"column":13},"end":{"line":86,"column":14}},"loc":{"start":{"line":86,"column":28},"end":{"line":88,"column":5}},"line":86},"17":{"name":"editUser","decl":{"start":{"line":92,"column":9},"end":{"line":92,"column":17}},"loc":{"start":{"line":92,"column":28},"end":{"line":101,"column":1}},"line":92},"18":{"name":"(anonymous_18)","decl":{"start":{"line":93,"column":9},"end":{"line":93,"column":10}},"loc":{"start":{"line":93,"column":29},"end":{"line":100,"column":3}},"line":93},"19":{"name":"(anonymous_19)","decl":{"start":{"line":94,"column":55},"end":{"line":94,"column":56}},"loc":{"start":{"line":94,"column":71},"end":{"line":97,"column":5}},"line":94},"20":{"name":"(anonymous_20)","decl":{"start":{"line":97,"column":13},"end":{"line":97,"column":14}},"loc":{"start":{"line":97,"column":28},"end":{"line":99,"column":5}},"line":97}},"branchMap":{"0":{"loc":{"start":{"line":10,"column":14},"end":{"line":10,"column":93}},"type":"cond-expr","locations":[{"start":{"line":10,"column":67},"end":{"line":10,"column":79}},{"start":{"line":10,"column":82},"end":{"line":10,"column":93}}],"line":10},"1":{"loc":{"start":{"line":10,"column":14},"end":{"line":10,"column":64}},"type":"binary-expr","locations":[{"start":{"line":10,"column":14},"end":{"line":10,"column":34}},{"start":{"line":10,"column":38},"end":{"line":10,"column":64}}],"line":10},"2":{"loc":{"start":{"line":13,"column":2},"end":{"line":20,"column":3}},"type":"switch","locations":[{"start":{"line":14,"column":4},"end":{"line":15,"column":25}},{"start":{"line":16,"column":4},"end":{"line":17,"column":25}},{"start":{"line":18,"column":4},"end":{"line":19,"column":19}}],"line":13},"3":{"loc":{"start":{"line":31,"column":46},"end":{"line":31,"column":92}},"type":"cond-expr","locations":[{"start":{"line":31,"column":70},"end":{"line":31,"column":73}},{"start":{"line":31,"column":76},"end":{"line":31,"column":92}}],"line":31},"4":{"loc":{"start":{"line":31,"column":46},"end":{"line":31,"column":67}},"type":"binary-expr","locations":[{"start":{"line":31,"column":46},"end":{"line":31,"column":49}},{"start":{"line":31,"column":53},"end":{"line":31,"column":67}}],"line":31},"5":{"loc":{"start":{"line":60,"column":30},"end":{"line":60,"column":53}},"type":"binary-expr","locations":[{"start":{"line":60,"column":30},"end":{"line":60,"column":38}},{"start":{"line":60,"column":42},"end":{"line":60,"column":53}}],"line":60}},"s":{"0":1,"1":1,"2":1,"3":1,"4":3,"5":3,"6":3,"7":0,"8":0,"9":3,"10":1,"11":1,"12":1,"13":1,"14":2,"15":1,"16":1,"17":1,"18":1,"19":0,"20":1,"21":0,"22":1,"23":0,"24":0,"25":0,"26":0,"27":1,"28":0,"29":0,"30":0,"31":0,"32":0,"33":0,"34":1,"35":0,"36":0,"37":0,"38":0,"39":0,"40":0,"41":0,"42":0,"43":0,"44":0},"f":{"0":3,"1":2,"2":0,"3":0,"4":0,"5":0,"6":0,"7":0,"8":0,"9":0,"10":0,"11":0,"12":0,"13":0,"14":0,"15":0,"16":0,"17":0,"18":0,"19":0,"20":0},"b":{"0":[0,3],"1":[3,3],"2":[0,0,3],"3":[1,1],"4":[2,2],"5":[0,0]},"_coverageSchema":"332fd63041d2c1bcb487cc26dd0d5f7d97098a6c","hash":"eb994ecae4da46db03e48bf43bb02d56094e20e8","contentHash":"c9ec3f60957aa0cadf1c09c15bc19af7_11.4.1"},"/Users/danidewaal/Desktop/GraceShopper/client/history.js":{"path":"/Users/danidewaal/Desktop/GraceShopper/client/history.js","statementMap":{"0":{"start":{"line":3,"column":0},"end":{"line":5,"column":3}},"1":{"start":{"line":7,"column":28},"end":{"line":7,"column":67}},"2":{"start":{"line":9,"column":29},"end":{"line":9,"column":74}},"3":{"start":{"line":11,"column":27},"end":{"line":11,"column":65}},"4":{"start":{"line":13,"column":28},"end":{"line":13,"column":72}},"5":{"start":{"line":15,"column":39},"end":{"line":15,"column":93}},"6":{"start":{"line":17,"column":14},"end":{"line":17,"column":124}},"7":{"start":{"line":19,"column":0},"end":{"line":19,"column":26}}},"fnMap":{"0":{"name":"_interopRequireDefault","decl":{"start":{"line":15,"column":9},"end":{"line":15,"column":31}},"loc":{"start":{"line":15,"column":37},"end":{"line":15,"column":95}},"line":15}},"branchMap":{"0":{"loc":{"start":{"line":15,"column":46},"end":{"line":15,"column":92}},"type":"cond-expr","locations":[{"start":{"line":15,"column":70},"end":{"line":15,"column":73}},{"start":{"line":15,"column":76},"end":{"line":15,"column":92}}],"line":15},"1":{"loc":{"start":{"line":15,"column":46},"end":{"line":15,"column":67}},"type":"binary-expr","locations":[{"start":{"line":15,"column":46},"end":{"line":15,"column":49}},{"start":{"line":15,"column":53},"end":{"line":15,"column":67}}],"line":15},"2":{"loc":{"start":{"line":17,"column":14},"end":{"line":17,"column":124}},"type":"cond-expr","locations":[{"start":{"line":17,"column":48},"end":{"line":17,"column":84}},{"start":{"line":17,"column":87},"end":{"line":17,"column":124}}],"line":17}},"s":{"0":1,"1":1,"2":1,"3":1,"4":1,"5":2,"6":1,"7":1},"f":{"0":2},"b":{"0":[2,0],"1":[2,2],"2":[1,0]},"_coverageSchema":"332fd63041d2c1bcb487cc26dd0d5f7d97098a6c","hash":"35c4ad68d89bc08131da1d1d6efe18ae1bcf563e","contentHash":"431705aa251ce23317f60e85c0f5353d_11.4.1"},"/Users/danidewaal/Desktop/GraceShopper/client/store/product.js":{"path":"/Users/danidewaal/Desktop/GraceShopper/client/store/product.js","statementMap":{"0":{"start":{"line":3,"column":0},"end":{"line":5,"column":3}},"1":{"start":{"line":6,"column":0},"end":{"line":6,"column":44}},"2":{"start":{"line":7,"column":0},"end":{"line":7,"column":38}},"3":{"start":{"line":8,"column":0},"end":{"line":8,"column":24}},"4":{"start":{"line":9,"column":0},"end":{"line":9,"column":34}},"5":{"start":{"line":11,"column":13},"end":{"line":11,"column":29}},"6":{"start":{"line":13,"column":14},"end":{"line":13,"column":44}},"7":{"start":{"line":15,"column":39},"end":{"line":15,"column":93}},"8":{"start":{"line":17,"column":35},"end":{"line":17,"column":193}},"9":{"start":{"line":17,"column":61},"end":{"line":17,"column":145}},"10":{"start":{"line":17,"column":126},"end":{"line":17,"column":143}},"11":{"start":{"line":17,"column":146},"end":{"line":17,"column":158}},"12":{"start":{"line":17,"column":168},"end":{"line":17,"column":191}},"13":{"start":{"line":20,"column":23},"end":{"line":20,"column":41}},"14":{"start":{"line":21,"column":22},"end":{"line":21,"column":39}},"15":{"start":{"line":22,"column":21},"end":{"line":22,"column":37}},"16":{"start":{"line":26,"column":21},"end":{"line":28,"column":1}},"17":{"start":{"line":27,"column":2},"end":{"line":27,"column":56}},"18":{"start":{"line":29,"column":20},"end":{"line":31,"column":1}},"19":{"start":{"line":30,"column":2},"end":{"line":30,"column":53}},"20":{"start":{"line":32,"column":20},"end":{"line":34,"column":1}},"21":{"start":{"line":33,"column":2},"end":{"line":33,"column":52}},"22":{"start":{"line":38,"column":2},"end":{"line":47,"column":4}},"23":{"start":{"line":39,"column":4},"end":{"line":46,"column":7}},"24":{"start":{"line":40,"column":6},"end":{"line":40,"column":22}},"25":{"start":{"line":42,"column":19},"end":{"line":42,"column":43}},"26":{"start":{"line":43,"column":6},"end":{"line":43,"column":23}},"27":{"start":{"line":45,"column":6},"end":{"line":45,"column":59}},"28":{"start":{"line":51,"column":2},"end":{"line":60,"column":4}},"29":{"start":{"line":52,"column":4},"end":{"line":59,"column":7}},"30":{"start":{"line":53,"column":6},"end":{"line":53,"column":22}},"31":{"start":{"line":55,"column":19},"end":{"line":55,"column":41}},"32":{"start":{"line":56,"column":6},"end":{"line":56,"column":23}},"33":{"start":{"line":58,"column":6},"end":{"line":58,"column":58}},"34":{"start":{"line":64,"column":2},"end":{"line":73,"column":4}},"35":{"start":{"line":65,"column":4},"end":{"line":72,"column":7}},"36":{"start":{"line":66,"column":6},"end":{"line":66,"column":22}},"37":{"start":{"line":68,"column":19},"end":{"line":68,"column":41}},"38":{"start":{"line":69,"column":6},"end":{"line":69,"column":23}},"39":{"start":{"line":71,"column":6},"end":{"line":71,"column":58}},"40":{"start":{"line":78,"column":14},"end":{"line":78,"column":84}},"41":{"start":{"line":79,"column":15},"end":{"line":79,"column":27}},"42":{"start":{"line":81,"column":2},"end":{"line":92,"column":3}},"43":{"start":{"line":83,"column":6},"end":{"line":83,"column":29}},"44":{"start":{"line":85,"column":6},"end":{"line":85,"column":68}},"45":{"start":{"line":87,"column":6},"end":{"line":89,"column":9}},"46":{"start":{"line":88,"column":8},"end":{"line":88,"column":75}},"47":{"start":{"line":91,"column":6},"end":{"line":91,"column":19}}},"fnMap":{"0":{"name":"_interopRequireDefault","decl":{"start":{"line":15,"column":9},"end":{"line":15,"column":31}},"loc":{"start":{"line":15,"column":37},"end":{"line":15,"column":95}},"line":15},"1":{"name":"_toConsumableArray","decl":{"start":{"line":17,"column":9},"end":{"line":17,"column":27}},"loc":{"start":{"line":17,"column":33},"end":{"line":17,"column":195}},"line":17},"2":{"name":"getAllProducts","decl":{"start":{"line":26,"column":30},"end":{"line":26,"column":44}},"loc":{"start":{"line":26,"column":55},"end":{"line":28,"column":1}},"line":26},"3":{"name":"addNewProduct","decl":{"start":{"line":29,"column":29},"end":{"line":29,"column":42}},"loc":{"start":{"line":29,"column":52},"end":{"line":31,"column":1}},"line":29},"4":{"name":"updateProduct","decl":{"start":{"line":32,"column":29},"end":{"line":32,"column":42}},"loc":{"start":{"line":32,"column":52},"end":{"line":34,"column":1}},"line":32},"5":{"name":"fetchAllProducts","decl":{"start":{"line":37,"column":9},"end":{"line":37,"column":25}},"loc":{"start":{"line":37,"column":28},"end":{"line":48,"column":1}},"line":37},"6":{"name":"(anonymous_6)","decl":{"start":{"line":38,"column":9},"end":{"line":38,"column":10}},"loc":{"start":{"line":38,"column":29},"end":{"line":47,"column":3}},"line":38},"7":{"name":"(anonymous_7)","decl":{"start":{"line":39,"column":46},"end":{"line":39,"column":47}},"loc":{"start":{"line":39,"column":61},"end":{"line":41,"column":5}},"line":39},"8":{"name":"(anonymous_8)","decl":{"start":{"line":41,"column":12},"end":{"line":41,"column":13}},"loc":{"start":{"line":41,"column":32},"end":{"line":44,"column":5}},"line":41},"9":{"name":"(anonymous_9)","decl":{"start":{"line":44,"column":13},"end":{"line":44,"column":14}},"loc":{"start":{"line":44,"column":28},"end":{"line":46,"column":5}},"line":44},"10":{"name":"createProduct","decl":{"start":{"line":50,"column":9},"end":{"line":50,"column":22}},"loc":{"start":{"line":50,"column":32},"end":{"line":61,"column":1}},"line":50},"11":{"name":"(anonymous_11)","decl":{"start":{"line":51,"column":9},"end":{"line":51,"column":10}},"loc":{"start":{"line":51,"column":29},"end":{"line":60,"column":3}},"line":51},"12":{"name":"(anonymous_12)","decl":{"start":{"line":52,"column":56},"end":{"line":52,"column":57}},"loc":{"start":{"line":52,"column":71},"end":{"line":54,"column":5}},"line":52},"13":{"name":"(anonymous_13)","decl":{"start":{"line":54,"column":12},"end":{"line":54,"column":13}},"loc":{"start":{"line":54,"column":31},"end":{"line":57,"column":5}},"line":54},"14":{"name":"(anonymous_14)","decl":{"start":{"line":57,"column":13},"end":{"line":57,"column":14}},"loc":{"start":{"line":57,"column":28},"end":{"line":59,"column":5}},"line":57},"15":{"name":"update","decl":{"start":{"line":63,"column":9},"end":{"line":63,"column":15}},"loc":{"start":{"line":63,"column":29},"end":{"line":74,"column":1}},"line":63},"16":{"name":"(anonymous_16)","decl":{"start":{"line":64,"column":9},"end":{"line":64,"column":10}},"loc":{"start":{"line":64,"column":29},"end":{"line":73,"column":3}},"line":64},"17":{"name":"(anonymous_17)","decl":{"start":{"line":65,"column":61},"end":{"line":65,"column":62}},"loc":{"start":{"line":65,"column":76},"end":{"line":67,"column":5}},"line":65},"18":{"name":"(anonymous_18)","decl":{"start":{"line":67,"column":12},"end":{"line":67,"column":13}},"loc":{"start":{"line":67,"column":31},"end":{"line":70,"column":5}},"line":67},"19":{"name":"(anonymous_19)","decl":{"start":{"line":70,"column":13},"end":{"line":70,"column":14}},"loc":{"start":{"line":70,"column":28},"end":{"line":72,"column":5}},"line":70},"20":{"name":"productsReducer","decl":{"start":{"line":77,"column":9},"end":{"line":77,"column":24}},"loc":{"start":{"line":77,"column":27},"end":{"line":93,"column":1}},"line":77},"21":{"name":"(anonymous_21)","decl":{"start":{"line":87,"column":23},"end":{"line":87,"column":24}},"loc":{"start":{"line":87,"column":42},"end":{"line":89,"column":7}},"line":87}},"branchMap":{"0":{"loc":{"start":{"line":15,"column":46},"end":{"line":15,"column":92}},"type":"cond-expr","locations":[{"start":{"line":15,"column":70},"end":{"line":15,"column":73}},{"start":{"line":15,"column":76},"end":{"line":15,"column":92}}],"line":15},"1":{"loc":{"start":{"line":15,"column":46},"end":{"line":15,"column":67}},"type":"binary-expr","locations":[{"start":{"line":15,"column":46},"end":{"line":15,"column":49}},{"start":{"line":15,"column":53},"end":{"line":15,"column":67}}],"line":15},"2":{"loc":{"start":{"line":17,"column":35},"end":{"line":17,"column":193}},"type":"if","locations":[{"start":{"line":17,"column":35},"end":{"line":17,"column":193}},{"start":{"line":17,"column":35},"end":{"line":17,"column":193}}],"line":17},"3":{"loc":{"start":{"line":78,"column":14},"end":{"line":78,"column":84}},"type":"cond-expr","locations":[{"start":{"line":78,"column":67},"end":{"line":78,"column":79}},{"start":{"line":78,"column":82},"end":{"line":78,"column":84}}],"line":78},"4":{"loc":{"start":{"line":78,"column":14},"end":{"line":78,"column":64}},"type":"binary-expr","locations":[{"start":{"line":78,"column":14},"end":{"line":78,"column":34}},{"start":{"line":78,"column":38},"end":{"line":78,"column":64}}],"line":78},"5":{"loc":{"start":{"line":81,"column":2},"end":{"line":92,"column":3}},"type":"switch","locations":[{"start":{"line":82,"column":4},"end":{"line":83,"column":29}},{"start":{"line":84,"column":4},"end":{"line":85,"column":68}},{"start":{"line":86,"column":4},"end":{"line":89,"column":9}},{"start":{"line":90,"column":4},"end":{"line":91,"column":19}}],"line":81},"6":{"loc":{"start":{"line":88,"column":15},"end":{"line":88,"column":74}},"type":"cond-expr","locations":[{"start":{"line":88,"column":50},"end":{"line":88,"column":64}},{"start":{"line":88,"column":67},"end":{"line":88,"column":74}}],"line":88}},"s":{"0":1,"1":1,"2":1,"3":1,"4":1,"5":1,"6":1,"7":1,"8":0,"9":0,"10":0,"11":0,"12":0,"13":1,"14":1,"15":1,"16":1,"17":0,"18":1,"19":0,"20":1,"21":0,"22":0,"23":0,"24":0,"25":0,"26":0,"27":0,"28":0,"29":0,"30":0,"31":0,"32":0,"33":0,"34":0,"35":0,"36":0,"37":0,"38":0,"39":0,"40":3,"41":3,"42":3,"43":0,"44":0,"45":0,"46":0,"47":3},"f":{"0":1,"1":0,"2":0,"3":0,"4":0,"5":0,"6":0,"7":0,"8":0,"9":0,"10":0,"11":0,"12":0,"13":0,"14":0,"15":0,"16":0,"17":0,"18":0,"19":0,"20":3,"21":0},"b":{"0":[0,1],"1":[1,1],"2":[0,0],"3":[0,3],"4":[3,3],"5":[0,0,0,3],"6":[0,0]},"_coverageSchema":"332fd63041d2c1bcb487cc26dd0d5f7d97098a6c","hash":"a47b8ba8b58115c3739613bd2522abcc5761a311","contentHash":"efde139563cb921136c06a64db49b628_11.4.1"},"/Users/danidewaal/Desktop/GraceShopper/client/store/category.js":{"path":"/Users/danidewaal/Desktop/GraceShopper/client/store/category.js","statementMap":{"0":{"start":{"line":3,"column":0},"end":{"line":5,"column":3}},"1":{"start":{"line":6,"column":0},"end":{"line":6,"column":42}},"2":{"start":{"line":7,"column":0},"end":{"line":7,"column":40}},"3":{"start":{"line":8,"column":0},"end":{"line":8,"column":34}},"4":{"start":{"line":10,"column":13},"end":{"line":10,"column":29}},"5":{"start":{"line":12,"column":14},"end":{"line":12,"column":44}},"6":{"start":{"line":14,"column":39},"end":{"line":14,"column":93}},"7":{"start":{"line":16,"column":35},"end":{"line":16,"column":193}},"8":{"start":{"line":16,"column":61},"end":{"line":16,"column":145}},"9":{"start":{"line":16,"column":126},"end":{"line":16,"column":143}},"10":{"start":{"line":16,"column":146},"end":{"line":16,"column":158}},"11":{"start":{"line":16,"column":168},"end":{"line":16,"column":191}},"12":{"start":{"line":19,"column":25},"end":{"line":19,"column":45}},"13":{"start":{"line":20,"column":23},"end":{"line":20,"column":41}},"14":{"start":{"line":23,"column":23},"end":{"line":25,"column":1}},"15":{"start":{"line":24,"column":2},"end":{"line":24,"column":62}},"16":{"start":{"line":26,"column":21},"end":{"line":28,"column":1}},"17":{"start":{"line":27,"column":2},"end":{"line":27,"column":56}},"18":{"start":{"line":32,"column":2},"end":{"line":41,"column":4}},"19":{"start":{"line":33,"column":4},"end":{"line":40,"column":7}},"20":{"start":{"line":34,"column":6},"end":{"line":34,"column":22}},"21":{"start":{"line":36,"column":19},"end":{"line":36,"column":47}},"22":{"start":{"line":37,"column":6},"end":{"line":37,"column":23}},"23":{"start":{"line":39,"column":6},"end":{"line":39,"column":61}},"24":{"start":{"line":45,"column":2},"end":{"line":54,"column":4}},"25":{"start":{"line":46,"column":4},"end":{"line":53,"column":7}},"26":{"start":{"line":47,"column":6},"end":{"line":47,"column":22}},"27":{"start":{"line":49,"column":19},"end":{"line":49,"column":43}},"28":{"start":{"line":50,"column":6},"end":{"line":50,"column":23}},"29":{"start":{"line":52,"column":6},"end":{"line":52,"column":59}},"30":{"start":{"line":59,"column":14},"end":{"line":59,"column":84}},"31":{"start":{"line":60,"column":15},"end":{"line":60,"column":27}},"32":{"start":{"line":62,"column":2},"end":{"line":69,"column":3}},"33":{"start":{"line":64,"column":6},"end":{"line":64,"column":31}},"34":{"start":{"line":66,"column":6},"end":{"line":66,"column":69}},"35":{"start":{"line":68,"column":6},"end":{"line":68,"column":19}}},"fnMap":{"0":{"name":"_interopRequireDefault","decl":{"start":{"line":14,"column":9},"end":{"line":14,"column":31}},"loc":{"start":{"line":14,"column":37},"end":{"line":14,"column":95}},"line":14},"1":{"name":"_toConsumableArray","decl":{"start":{"line":16,"column":9},"end":{"line":16,"column":27}},"loc":{"start":{"line":16,"column":33},"end":{"line":16,"column":195}},"line":16},"2":{"name":"getAllCategories","decl":{"start":{"line":23,"column":32},"end":{"line":23,"column":48}},"loc":{"start":{"line":23,"column":61},"end":{"line":25,"column":1}},"line":23},"3":{"name":"addNewCategory","decl":{"start":{"line":26,"column":30},"end":{"line":26,"column":44}},"loc":{"start":{"line":26,"column":55},"end":{"line":28,"column":1}},"line":26},"4":{"name":"fetchCategories","decl":{"start":{"line":31,"column":9},"end":{"line":31,"column":24}},"loc":{"start":{"line":31,"column":27},"end":{"line":42,"column":1}},"line":31},"5":{"name":"(anonymous_5)","decl":{"start":{"line":32,"column":9},"end":{"line":32,"column":10}},"loc":{"start":{"line":32,"column":29},"end":{"line":41,"column":3}},"line":32},"6":{"name":"(anonymous_6)","decl":{"start":{"line":33,"column":48},"end":{"line":33,"column":49}},"loc":{"start":{"line":33,"column":63},"end":{"line":35,"column":5}},"line":33},"7":{"name":"(anonymous_7)","decl":{"start":{"line":35,"column":12},"end":{"line":35,"column":13}},"loc":{"start":{"line":35,"column":34},"end":{"line":38,"column":5}},"line":35},"8":{"name":"(anonymous_8)","decl":{"start":{"line":38,"column":13},"end":{"line":38,"column":14}},"loc":{"start":{"line":38,"column":28},"end":{"line":40,"column":5}},"line":38},"9":{"name":"createCategory","decl":{"start":{"line":44,"column":9},"end":{"line":44,"column":23}},"loc":{"start":{"line":44,"column":34},"end":{"line":55,"column":1}},"line":44},"10":{"name":"(anonymous_10)","decl":{"start":{"line":45,"column":9},"end":{"line":45,"column":10}},"loc":{"start":{"line":45,"column":29},"end":{"line":54,"column":3}},"line":45},"11":{"name":"(anonymous_11)","decl":{"start":{"line":46,"column":59},"end":{"line":46,"column":60}},"loc":{"start":{"line":46,"column":74},"end":{"line":48,"column":5}},"line":46},"12":{"name":"(anonymous_12)","decl":{"start":{"line":48,"column":12},"end":{"line":48,"column":13}},"loc":{"start":{"line":48,"column":32},"end":{"line":51,"column":5}},"line":48},"13":{"name":"(anonymous_13)","decl":{"start":{"line":51,"column":13},"end":{"line":51,"column":14}},"loc":{"start":{"line":51,"column":28},"end":{"line":53,"column":5}},"line":51},"14":{"name":"categoryReducer","decl":{"start":{"line":58,"column":9},"end":{"line":58,"column":24}},"loc":{"start":{"line":58,"column":27},"end":{"line":70,"column":1}},"line":58}},"branchMap":{"0":{"loc":{"start":{"line":14,"column":46},"end":{"line":14,"column":92}},"type":"cond-expr","locations":[{"start":{"line":14,"column":70},"end":{"line":14,"column":73}},{"start":{"line":14,"column":76},"end":{"line":14,"column":92}}],"line":14},"1":{"loc":{"start":{"line":14,"column":46},"end":{"line":14,"column":67}},"type":"binary-expr","locations":[{"start":{"line":14,"column":46},"end":{"line":14,"column":49}},{"start":{"line":14,"column":53},"end":{"line":14,"column":67}}],"line":14},"2":{"loc":{"start":{"line":16,"column":35},"end":{"line":16,"column":193}},"type":"if","locations":[{"start":{"line":16,"column":35},"end":{"line":16,"column":193}},{"start":{"line":16,"column":35},"end":{"line":16,"column":193}}],"line":16},"3":{"loc":{"start":{"line":59,"column":14},"end":{"line":59,"column":84}},"type":"cond-expr","locations":[{"start":{"line":59,"column":67},"end":{"line":59,"column":79}},{"start":{"line":59,"column":82},"end":{"line":59,"column":84}}],"line":59},"4":{"loc":{"start":{"line":59,"column":14},"end":{"line":59,"column":64}},"type":"binary-expr","locations":[{"start":{"line":59,"column":14},"end":{"line":59,"column":34}},{"start":{"line":59,"column":38},"end":{"line":59,"column":64}}],"line":59},"5":{"loc":{"start":{"line":62,"column":2},"end":{"line":69,"column":3}},"type":"switch","locations":[{"start":{"line":63,"column":4},"end":{"line":64,"column":31}},{"start":{"line":65,"column":4},"end":{"line":66,"column":69}},{"start":{"line":67,"column":4},"end":{"line":68,"column":19}}],"line":62}},"s":{"0":1,"1":1,"2":1,"3":1,"4":1,"5":1,"6":1,"7":0,"8":0,"9":0,"10":0,"11":0,"12":1,"13":1,"14":1,"15":0,"16":1,"17":0,"18":0,"19":0,"20":0,"21":0,"22":0,"23":0,"24":0,"25":0,"26":0,"27":0,"28":0,"29":0,"30":3,"31":3,"32":3,"33":0,"34":0,"35":3},"f":{"0":1,"1":0,"2":0,"3":0,"4":0,"5":0,"6":0,"7":0,"8":0,"9":0,"10":0,"11":0,"12":0,"13":0,"14":3},"b":{"0":[0,1],"1":[1,1],"2":[0,0],"3":[0,3],"4":[3,3],"5":[0,0,3]},"_coverageSchema":"332fd63041d2c1bcb487cc26dd0d5f7d97098a6c","hash":"0cd1170d5f65d22cc8ba57a5ccc77d19c9e0b6c7","contentHash":"9d45f1d25b6dbf0c638e1070a9460698_11.4.1"},"/Users/danidewaal/Desktop/GraceShopper/client/store/users.js":{"path":"/Users/danidewaal/Desktop/GraceShopper/client/store/users.js","statementMap":{"0":{"start":{"line":3,"column":0},"end":{"line":5,"column":3}},"1":{"start":{"line":6,"column":0},"end":{"line":6,"column":38}},"2":{"start":{"line":7,"column":0},"end":{"line":7,"column":32}},"3":{"start":{"line":8,"column":0},"end":{"line":8,"column":38}},"4":{"start":{"line":9,"column":0},"end":{"line":9,"column":31}},"5":{"start":{"line":11,"column":13},"end":{"line":11,"column":29}},"6":{"start":{"line":13,"column":14},"end":{"line":13,"column":44}},"7":{"start":{"line":15,"column":39},"end":{"line":15,"column":93}},"8":{"start":{"line":17,"column":35},"end":{"line":17,"column":193}},"9":{"start":{"line":17,"column":61},"end":{"line":17,"column":145}},"10":{"start":{"line":17,"column":126},"end":{"line":17,"column":143}},"11":{"start":{"line":17,"column":146},"end":{"line":17,"column":158}},"12":{"start":{"line":17,"column":168},"end":{"line":17,"column":191}},"13":{"start":{"line":20,"column":20},"end":{"line":20,"column":35}},"14":{"start":{"line":21,"column":15},"end":{"line":21,"column":25}},"15":{"start":{"line":22,"column":18},"end":{"line":22,"column":31}},"16":{"start":{"line":25,"column":18},"end":{"line":27,"column":1}},"17":{"start":{"line":26,"column":2},"end":{"line":26,"column":47}},"18":{"start":{"line":28,"column":14},"end":{"line":30,"column":1}},"19":{"start":{"line":29,"column":2},"end":{"line":29,"column":40}},"20":{"start":{"line":31,"column":17},"end":{"line":33,"column":1}},"21":{"start":{"line":32,"column":2},"end":{"line":32,"column":39}},"22":{"start":{"line":37,"column":2},"end":{"line":45,"column":4}},"23":{"start":{"line":38,"column":4},"end":{"line":44,"column":7}},"24":{"start":{"line":39,"column":6},"end":{"line":39,"column":22}},"25":{"start":{"line":41,"column":6},"end":{"line":41,"column":35}},"26":{"start":{"line":43,"column":6},"end":{"line":43,"column":56}},"27":{"start":{"line":49,"column":2},"end":{"line":57,"column":4}},"28":{"start":{"line":50,"column":4},"end":{"line":56,"column":7}},"29":{"start":{"line":51,"column":6},"end":{"line":51,"column":22}},"30":{"start":{"line":53,"column":6},"end":{"line":53,"column":30}},"31":{"start":{"line":55,"column":6},"end":{"line":55,"column":55}},"32":{"start":{"line":61,"column":2},"end":{"line":61,"column":28}},"33":{"start":{"line":62,"column":2},"end":{"line":68,"column":4}},"34":{"start":{"line":63,"column":4},"end":{"line":67,"column":7}},"35":{"start":{"line":64,"column":6},"end":{"line":64,"column":31}},"36":{"start":{"line":66,"column":6},"end":{"line":66,"column":55}},"37":{"start":{"line":73,"column":14},"end":{"line":73,"column":84}},"38":{"start":{"line":74,"column":15},"end":{"line":74,"column":27}},"39":{"start":{"line":76,"column":2},"end":{"line":87,"column":3}},"40":{"start":{"line":78,"column":6},"end":{"line":78,"column":26}},"41":{"start":{"line":80,"column":6},"end":{"line":80,"column":65}},"42":{"start":{"line":82,"column":6},"end":{"line":84,"column":9}},"43":{"start":{"line":83,"column":8},"end":{"line":83,"column":37}},"44":{"start":{"line":86,"column":6},"end":{"line":86,"column":19}}},"fnMap":{"0":{"name":"_interopRequireDefault","decl":{"start":{"line":15,"column":9},"end":{"line":15,"column":31}},"loc":{"start":{"line":15,"column":37},"end":{"line":15,"column":95}},"line":15},"1":{"name":"_toConsumableArray","decl":{"start":{"line":17,"column":9},"end":{"line":17,"column":27}},"loc":{"start":{"line":17,"column":33},"end":{"line":17,"column":195}},"line":17},"2":{"name":"getAllUsers","decl":{"start":{"line":25,"column":27},"end":{"line":25,"column":38}},"loc":{"start":{"line":25,"column":46},"end":{"line":27,"column":1}},"line":25},"3":{"name":"addUser","decl":{"start":{"line":28,"column":23},"end":{"line":28,"column":30}},"loc":{"start":{"line":28,"column":37},"end":{"line":30,"column":1}},"line":28},"4":{"name":"deleteUser","decl":{"start":{"line":31,"column":26},"end":{"line":31,"column":36}},"loc":{"start":{"line":31,"column":41},"end":{"line":33,"column":1}},"line":31},"5":{"name":"fetchAllUsers","decl":{"start":{"line":36,"column":9},"end":{"line":36,"column":22}},"loc":{"start":{"line":36,"column":25},"end":{"line":46,"column":1}},"line":36},"6":{"name":"(anonymous_6)","decl":{"start":{"line":37,"column":9},"end":{"line":37,"column":10}},"loc":{"start":{"line":37,"column":29},"end":{"line":45,"column":3}},"line":37},"7":{"name":"(anonymous_7)","decl":{"start":{"line":38,"column":43},"end":{"line":38,"column":44}},"loc":{"start":{"line":38,"column":58},"end":{"line":40,"column":5}},"line":38},"8":{"name":"(anonymous_8)","decl":{"start":{"line":40,"column":12},"end":{"line":40,"column":13}},"loc":{"start":{"line":40,"column":29},"end":{"line":42,"column":5}},"line":40},"9":{"name":"(anonymous_9)","decl":{"start":{"line":42,"column":13},"end":{"line":42,"column":14}},"loc":{"start":{"line":42,"column":28},"end":{"line":44,"column":5}},"line":42},"10":{"name":"createUser","decl":{"start":{"line":48,"column":9},"end":{"line":48,"column":19}},"loc":{"start":{"line":48,"column":26},"end":{"line":58,"column":1}},"line":48},"11":{"name":"(anonymous_11)","decl":{"start":{"line":49,"column":9},"end":{"line":49,"column":10}},"loc":{"start":{"line":49,"column":29},"end":{"line":57,"column":3}},"line":49},"12":{"name":"(anonymous_12)","decl":{"start":{"line":50,"column":50},"end":{"line":50,"column":51}},"loc":{"start":{"line":50,"column":65},"end":{"line":52,"column":5}},"line":50},"13":{"name":"(anonymous_13)","decl":{"start":{"line":52,"column":12},"end":{"line":52,"column":13}},"loc":{"start":{"line":52,"column":28},"end":{"line":54,"column":5}},"line":52},"14":{"name":"(anonymous_14)","decl":{"start":{"line":54,"column":13},"end":{"line":54,"column":14}},"loc":{"start":{"line":54,"column":28},"end":{"line":56,"column":5}},"line":54},"15":{"name":"deleteAccount","decl":{"start":{"line":60,"column":9},"end":{"line":60,"column":22}},"loc":{"start":{"line":60,"column":27},"end":{"line":69,"column":1}},"line":60},"16":{"name":"(anonymous_16)","decl":{"start":{"line":62,"column":9},"end":{"line":62,"column":10}},"loc":{"start":{"line":62,"column":29},"end":{"line":68,"column":3}},"line":62},"17":{"name":"(anonymous_17)","decl":{"start":{"line":63,"column":52},"end":{"line":63,"column":53}},"loc":{"start":{"line":63,"column":64},"end":{"line":65,"column":5}},"line":63},"18":{"name":"(anonymous_18)","decl":{"start":{"line":65,"column":13},"end":{"line":65,"column":14}},"loc":{"start":{"line":65,"column":28},"end":{"line":67,"column":5}},"line":65},"19":{"name":"usersReducer","decl":{"start":{"line":72,"column":9},"end":{"line":72,"column":21}},"loc":{"start":{"line":72,"column":24},"end":{"line":88,"column":1}},"line":72},"20":{"name":"(anonymous_20)","decl":{"start":{"line":82,"column":26},"end":{"line":82,"column":27}},"loc":{"start":{"line":82,"column":42},"end":{"line":84,"column":7}},"line":82}},"branchMap":{"0":{"loc":{"start":{"line":15,"column":46},"end":{"line":15,"column":92}},"type":"cond-expr","locations":[{"start":{"line":15,"column":70},"end":{"line":15,"column":73}},{"start":{"line":15,"column":76},"end":{"line":15,"column":92}}],"line":15},"1":{"loc":{"start":{"line":15,"column":46},"end":{"line":15,"column":67}},"type":"binary-expr","locations":[{"start":{"line":15,"column":46},"end":{"line":15,"column":49}},{"start":{"line":15,"column":53},"end":{"line":15,"column":67}}],"line":15},"2":{"loc":{"start":{"line":17,"column":35},"end":{"line":17,"column":193}},"type":"if","locations":[{"start":{"line":17,"column":35},"end":{"line":17,"column":193}},{"start":{"line":17,"column":35},"end":{"line":17,"column":193}}],"line":17},"3":{"loc":{"start":{"line":73,"column":14},"end":{"line":73,"column":84}},"type":"cond-expr","locations":[{"start":{"line":73,"column":67},"end":{"line":73,"column":79}},{"start":{"line":73,"column":82},"end":{"line":73,"column":84}}],"line":73},"4":{"loc":{"start":{"line":73,"column":14},"end":{"line":73,"column":64}},"type":"binary-expr","locations":[{"start":{"line":73,"column":14},"end":{"line":73,"column":34}},{"start":{"line":73,"column":38},"end":{"line":73,"column":64}}],"line":73},"5":{"loc":{"start":{"line":76,"column":2},"end":{"line":87,"column":3}},"type":"switch","locations":[{"start":{"line":77,"column":4},"end":{"line":78,"column":26}},{"start":{"line":79,"column":4},"end":{"line":80,"column":65}},{"start":{"line":81,"column":4},"end":{"line":84,"column":9}},{"start":{"line":85,"column":4},"end":{"line":86,"column":19}}],"line":76}},"s":{"0":1,"1":1,"2":1,"3":1,"4":1,"5":1,"6":1,"7":1,"8":0,"9":0,"10":0,"11":0,"12":0,"13":1,"14":1,"15":1,"16":1,"17":0,"18":1,"19":0,"20":1,"21":0,"22":0,"23":0,"24":0,"25":0,"26":0,"27":0,"28":0,"29":0,"30":0,"31":0,"32":0,"33":0,"34":0,"35":0,"36":0,"37":3,"38":3,"39":3,"40":0,"41":0,"42":0,"43":0,"44":3},"f":{"0":1,"1":0,"2":0,"3":0,"4":0,"5":0,"6":0,"7":0,"8":0,"9":0,"10":0,"11":0,"12":0,"13":0,"14":0,"15":0,"16":0,"17":0,"18":0,"19":3,"20":0},"b":{"0":[0,1],"1":[1,1],"2":[0,0],"3":[0,3],"4":[3,3],"5":[0,0,0,3]},"_coverageSchema":"332fd63041d2c1bcb487cc26dd0d5f7d97098a6c","hash":"4056e43979dbe556e2b1c76fe413b88ceb50b78b","contentHash":"17eb808fb6b300fc5c306c473b866767_11.4.1"},"/Users/danidewaal/Desktop/GraceShopper/client/store/reviews.js":{"path":"/Users/danidewaal/Desktop/GraceShopper/client/store/reviews.js","statementMap":{"0":{"start":{"line":3,"column":0},"end":{"line":5,"column":3}},"1":{"start":{"line":6,"column":0},"end":{"line":6,"column":36}},"2":{"start":{"line":7,"column":0},"end":{"line":7,"column":36}},"3":{"start":{"line":8,"column":0},"end":{"line":8,"column":32}},"4":{"start":{"line":9,"column":0},"end":{"line":9,"column":36}},"5":{"start":{"line":10,"column":0},"end":{"line":10,"column":33}},"6":{"start":{"line":12,"column":13},"end":{"line":12,"column":29}},"7":{"start":{"line":14,"column":14},"end":{"line":14,"column":44}},"8":{"start":{"line":16,"column":39},"end":{"line":16,"column":93}},"9":{"start":{"line":18,"column":35},"end":{"line":18,"column":193}},"10":{"start":{"line":18,"column":61},"end":{"line":18,"column":145}},"11":{"start":{"line":18,"column":126},"end":{"line":18,"column":143}},"12":{"start":{"line":18,"column":146},"end":{"line":18,"column":158}},"13":{"start":{"line":18,"column":168},"end":{"line":18,"column":191}},"14":{"start":{"line":21,"column":18},"end":{"line":21,"column":31}},"15":{"start":{"line":22,"column":21},"end":{"line":22,"column":37}},"16":{"start":{"line":23,"column":20},"end":{"line":23,"column":35}},"17":{"start":{"line":24,"column":20},"end":{"line":24,"column":35}},"18":{"start":{"line":27,"column":17},"end":{"line":29,"column":1}},"19":{"start":{"line":28,"column":2},"end":{"line":28,"column":49}},"20":{"start":{"line":30,"column":19},"end":{"line":32,"column":1}},"21":{"start":{"line":31,"column":2},"end":{"line":31,"column":50}},"22":{"start":{"line":33,"column":19},"end":{"line":35,"column":1}},"23":{"start":{"line":34,"column":2},"end":{"line":34,"column":49}},"24":{"start":{"line":36,"column":19},"end":{"line":38,"column":1}},"25":{"start":{"line":37,"column":2},"end":{"line":37,"column":41}},"26":{"start":{"line":42,"column":2},"end":{"line":50,"column":4}},"27":{"start":{"line":43,"column":4},"end":{"line":49,"column":7}},"28":{"start":{"line":44,"column":6},"end":{"line":44,"column":22}},"29":{"start":{"line":46,"column":6},"end":{"line":46,"column":36}},"30":{"start":{"line":48,"column":6},"end":{"line":48,"column":58}},"31":{"start":{"line":54,"column":2},"end":{"line":62,"column":4}},"32":{"start":{"line":55,"column":4},"end":{"line":61,"column":7}},"33":{"start":{"line":56,"column":6},"end":{"line":56,"column":22}},"34":{"start":{"line":58,"column":6},"end":{"line":58,"column":37}},"35":{"start":{"line":60,"column":6},"end":{"line":60,"column":57}},"36":{"start":{"line":66,"column":2},"end":{"line":74,"column":4}},"37":{"start":{"line":67,"column":4},"end":{"line":73,"column":7}},"38":{"start":{"line":68,"column":6},"end":{"line":68,"column":22}},"39":{"start":{"line":70,"column":6},"end":{"line":70,"column":37}},"40":{"start":{"line":72,"column":6},"end":{"line":72,"column":56}},"41":{"start":{"line":78,"column":2},"end":{"line":84,"column":4}},"42":{"start":{"line":79,"column":4},"end":{"line":83,"column":7}},"43":{"start":{"line":80,"column":6},"end":{"line":80,"column":33}},"44":{"start":{"line":82,"column":6},"end":{"line":82,"column":57}},"45":{"start":{"line":89,"column":14},"end":{"line":89,"column":84}},"46":{"start":{"line":90,"column":15},"end":{"line":90,"column":27}},"47":{"start":{"line":92,"column":2},"end":{"line":107,"column":3}},"48":{"start":{"line":94,"column":6},"end":{"line":94,"column":28}},"49":{"start":{"line":96,"column":6},"end":{"line":96,"column":67}},"50":{"start":{"line":98,"column":6},"end":{"line":100,"column":9}},"51":{"start":{"line":99,"column":8},"end":{"line":99,"column":71}},"52":{"start":{"line":102,"column":6},"end":{"line":104,"column":9}},"53":{"start":{"line":103,"column":8},"end":{"line":103,"column":39}},"54":{"start":{"line":106,"column":6},"end":{"line":106,"column":19}}},"fnMap":{"0":{"name":"_interopRequireDefault","decl":{"start":{"line":16,"column":9},"end":{"line":16,"column":31}},"loc":{"start":{"line":16,"column":37},"end":{"line":16,"column":95}},"line":16},"1":{"name":"_toConsumableArray","decl":{"start":{"line":18,"column":9},"end":{"line":18,"column":27}},"loc":{"start":{"line":18,"column":33},"end":{"line":18,"column":195}},"line":18},"2":{"name":"getReviews","decl":{"start":{"line":27,"column":26},"end":{"line":27,"column":36}},"loc":{"start":{"line":27,"column":46},"end":{"line":29,"column":1}},"line":27},"3":{"name":"addNewReview","decl":{"start":{"line":30,"column":28},"end":{"line":30,"column":40}},"loc":{"start":{"line":30,"column":49},"end":{"line":32,"column":1}},"line":30},"4":{"name":"updateReview","decl":{"start":{"line":33,"column":28},"end":{"line":33,"column":40}},"loc":{"start":{"line":33,"column":49},"end":{"line":35,"column":1}},"line":33},"5":{"name":"deleteReview","decl":{"start":{"line":36,"column":28},"end":{"line":36,"column":40}},"loc":{"start":{"line":36,"column":45},"end":{"line":38,"column":1}},"line":36},"6":{"name":"fetchReviews","decl":{"start":{"line":41,"column":9},"end":{"line":41,"column":21}},"loc":{"start":{"line":41,"column":24},"end":{"line":51,"column":1}},"line":41},"7":{"name":"(anonymous_7)","decl":{"start":{"line":42,"column":9},"end":{"line":42,"column":10}},"loc":{"start":{"line":42,"column":29},"end":{"line":50,"column":3}},"line":42},"8":{"name":"(anonymous_8)","decl":{"start":{"line":43,"column":45},"end":{"line":43,"column":46}},"loc":{"start":{"line":43,"column":60},"end":{"line":45,"column":5}},"line":43},"9":{"name":"(anonymous_9)","decl":{"start":{"line":45,"column":12},"end":{"line":45,"column":13}},"loc":{"start":{"line":45,"column":31},"end":{"line":47,"column":5}},"line":45},"10":{"name":"(anonymous_10)","decl":{"start":{"line":47,"column":13},"end":{"line":47,"column":14}},"loc":{"start":{"line":47,"column":28},"end":{"line":49,"column":5}},"line":47},"11":{"name":"createReview","decl":{"start":{"line":53,"column":9},"end":{"line":53,"column":21}},"loc":{"start":{"line":53,"column":30},"end":{"line":63,"column":1}},"line":53},"12":{"name":"(anonymous_12)","decl":{"start":{"line":54,"column":9},"end":{"line":54,"column":10}},"loc":{"start":{"line":54,"column":29},"end":{"line":62,"column":3}},"line":54},"13":{"name":"(anonymous_13)","decl":{"start":{"line":55,"column":54},"end":{"line":55,"column":55}},"loc":{"start":{"line":55,"column":69},"end":{"line":57,"column":5}},"line":55},"14":{"name":"(anonymous_14)","decl":{"start":{"line":57,"column":12},"end":{"line":57,"column":13}},"loc":{"start":{"line":57,"column":30},"end":{"line":59,"column":5}},"line":57},"15":{"name":"(anonymous_15)","decl":{"start":{"line":59,"column":13},"end":{"line":59,"column":14}},"loc":{"start":{"line":59,"column":28},"end":{"line":61,"column":5}},"line":59},"16":{"name":"editReview","decl":{"start":{"line":65,"column":9},"end":{"line":65,"column":19}},"loc":{"start":{"line":65,"column":32},"end":{"line":75,"column":1}},"line":65},"17":{"name":"(anonymous_17)","decl":{"start":{"line":66,"column":9},"end":{"line":66,"column":10}},"loc":{"start":{"line":66,"column":29},"end":{"line":74,"column":3}},"line":66},"18":{"name":"(anonymous_18)","decl":{"start":{"line":67,"column":59},"end":{"line":67,"column":60}},"loc":{"start":{"line":67,"column":74},"end":{"line":69,"column":5}},"line":67},"19":{"name":"(anonymous_19)","decl":{"start":{"line":69,"column":12},"end":{"line":69,"column":13}},"loc":{"start":{"line":69,"column":30},"end":{"line":71,"column":5}},"line":69},"20":{"name":"(anonymous_20)","decl":{"start":{"line":71,"column":13},"end":{"line":71,"column":14}},"loc":{"start":{"line":71,"column":28},"end":{"line":73,"column":5}},"line":71},"21":{"name":"removeReview","decl":{"start":{"line":77,"column":9},"end":{"line":77,"column":21}},"loc":{"start":{"line":77,"column":26},"end":{"line":85,"column":1}},"line":77},"22":{"name":"(anonymous_22)","decl":{"start":{"line":78,"column":9},"end":{"line":78,"column":10}},"loc":{"start":{"line":78,"column":29},"end":{"line":84,"column":3}},"line":78},"23":{"name":"(anonymous_23)","decl":{"start":{"line":79,"column":54},"end":{"line":79,"column":55}},"loc":{"start":{"line":79,"column":66},"end":{"line":81,"column":5}},"line":79},"24":{"name":"(anonymous_24)","decl":{"start":{"line":81,"column":13},"end":{"line":81,"column":14}},"loc":{"start":{"line":81,"column":28},"end":{"line":83,"column":5}},"line":81},"25":{"name":"reviewsReducer","decl":{"start":{"line":88,"column":9},"end":{"line":88,"column":23}},"loc":{"start":{"line":88,"column":26},"end":{"line":108,"column":1}},"line":88},"26":{"name":"(anonymous_26)","decl":{"start":{"line":98,"column":23},"end":{"line":98,"column":24}},"loc":{"start":{"line":98,"column":41},"end":{"line":100,"column":7}},"line":98},"27":{"name":"(anonymous_27)","decl":{"start":{"line":102,"column":26},"end":{"line":102,"column":27}},"loc":{"start":{"line":102,"column":44},"end":{"line":104,"column":7}},"line":102}},"branchMap":{"0":{"loc":{"start":{"line":16,"column":46},"end":{"line":16,"column":92}},"type":"cond-expr","locations":[{"start":{"line":16,"column":70},"end":{"line":16,"column":73}},{"start":{"line":16,"column":76},"end":{"line":16,"column":92}}],"line":16},"1":{"loc":{"start":{"line":16,"column":46},"end":{"line":16,"column":67}},"type":"binary-expr","locations":[{"start":{"line":16,"column":46},"end":{"line":16,"column":49}},{"start":{"line":16,"column":53},"end":{"line":16,"column":67}}],"line":16},"2":{"loc":{"start":{"line":18,"column":35},"end":{"line":18,"column":193}},"type":"if","locations":[{"start":{"line":18,"column":35},"end":{"line":18,"column":193}},{"start":{"line":18,"column":35},"end":{"line":18,"column":193}}],"line":18},"3":{"loc":{"start":{"line":89,"column":14},"end":{"line":89,"column":84}},"type":"cond-expr","locations":[{"start":{"line":89,"column":67},"end":{"line":89,"column":79}},{"start":{"line":89,"column":82},"end":{"line":89,"column":84}}],"line":89},"4":{"loc":{"start":{"line":89,"column":14},"end":{"line":89,"column":64}},"type":"binary-expr","locations":[{"start":{"line":89,"column":14},"end":{"line":89,"column":34}},{"start":{"line":89,"column":38},"end":{"line":89,"column":64}}],"line":89},"5":{"loc":{"start":{"line":92,"column":2},"end":{"line":107,"column":3}},"type":"switch","locations":[{"start":{"line":93,"column":4},"end":{"line":94,"column":28}},{"start":{"line":95,"column":4},"end":{"line":96,"column":67}},{"start":{"line":97,"column":4},"end":{"line":100,"column":9}},{"start":{"line":101,"column":4},"end":{"line":104,"column":9}},{"start":{"line":105,"column":4},"end":{"line":106,"column":19}}],"line":92},"6":{"loc":{"start":{"line":99,"column":15},"end":{"line":99,"column":70}},"type":"cond-expr","locations":[{"start":{"line":99,"column":48},"end":{"line":99,"column":61}},{"start":{"line":99,"column":64},"end":{"line":99,"column":70}}],"line":99}},"s":{"0":1,"1":1,"2":1,"3":1,"4":1,"5":1,"6":1,"7":1,"8":1,"9":0,"10":0,"11":0,"12":0,"13":0,"14":1,"15":1,"16":1,"17":1,"18":1,"19":0,"20":1,"21":0,"22":1,"23":0,"24":1,"25":0,"26":0,"27":0,"28":0,"29":0,"30":0,"31":0,"32":0,"33":0,"34":0,"35":0,"36":0,"37":0,"38":0,"39":0,"40":0,"41":0,"42":0,"43":0,"44":0,"45":3,"46":3,"47":3,"48":0,"49":0,"50":0,"51":0,"52":0,"53":0,"54":3},"f":{"0":1,"1":0,"2":0,"3":0,"4":0,"5":0,"6":0,"7":0,"8":0,"9":0,"10":0,"11":0,"12":0,"13":0,"14":0,"15":0,"16":0,"17":0,"18":0,"19":0,"20":0,"21":0,"22":0,"23":0,"24":0,"25":3,"26":0,"27":0},"b":{"0":[0,1],"1":[1,1],"2":[0,0],"3":[0,3],"4":[3,3],"5":[0,0,0,0,3],"6":[0,0]},"_coverageSchema":"332fd63041d2c1bcb487cc26dd0d5f7d97098a6c","hash":"7bef54625d1eaf3967fabe591774dca2b9c76968","contentHash":"901e60bce8d9afca122edc7da654830f_11.4.1"},"/Users/danidewaal/Desktop/GraceShopper/client/store/cart.js":{"path":"/Users/danidewaal/Desktop/GraceShopper/client/store/cart.js","statementMap":{"0":{"start":{"line":3,"column":0},"end":{"line":5,"column":3}},"1":{"start":{"line":6,"column":0},"end":{"line":6,"column":30}},"2":{"start":{"line":7,"column":0},"end":{"line":7,"column":35}},"3":{"start":{"line":9,"column":13},"end":{"line":9,"column":29}},"4":{"start":{"line":11,"column":14},"end":{"line":11,"column":44}},"5":{"start":{"line":13,"column":39},"end":{"line":13,"column":93}},"6":{"start":{"line":15,"column":15},"end":{"line":15,"column":25}},"7":{"start":{"line":16,"column":21},"end":{"line":16,"column":37}},"8":{"start":{"line":19,"column":14},"end":{"line":21,"column":1}},"9":{"start":{"line":20,"column":4},"end":{"line":20,"column":42}},"10":{"start":{"line":25,"column":4},"end":{"line":33,"column":6}},"11":{"start":{"line":26,"column":8},"end":{"line":32,"column":11}},"12":{"start":{"line":27,"column":12},"end":{"line":27,"column":28}},"13":{"start":{"line":29,"column":12},"end":{"line":29,"column":45}},"14":{"start":{"line":30,"column":25},"end":{"line":30,"column":38}},"15":{"start":{"line":31,"column":12},"end":{"line":31,"column":29}},"16":{"start":{"line":39,"column":16},"end":{"line":39,"column":86}},"17":{"start":{"line":40,"column":17},"end":{"line":40,"column":29}},"18":{"start":{"line":43,"column":4},"end":{"line":49,"column":5}},"19":{"start":{"line":45,"column":12},"end":{"line":45,"column":31}},"20":{"start":{"line":48,"column":12},"end":{"line":48,"column":25}}},"fnMap":{"0":{"name":"_interopRequireDefault","decl":{"start":{"line":13,"column":9},"end":{"line":13,"column":31}},"loc":{"start":{"line":13,"column":37},"end":{"line":13,"column":95}},"line":13},"1":{"name":"getCart","decl":{"start":{"line":19,"column":23},"end":{"line":19,"column":30}},"loc":{"start":{"line":19,"column":37},"end":{"line":21,"column":1}},"line":19},"2":{"name":"fetchCart","decl":{"start":{"line":24,"column":9},"end":{"line":24,"column":18}},"loc":{"start":{"line":24,"column":21},"end":{"line":34,"column":1}},"line":24},"3":{"name":"(anonymous_3)","decl":{"start":{"line":25,"column":11},"end":{"line":25,"column":12}},"loc":{"start":{"line":25,"column":31},"end":{"line":33,"column":5}},"line":25},"4":{"name":"(anonymous_4)","decl":{"start":{"line":26,"column":48},"end":{"line":26,"column":49}},"loc":{"start":{"line":26,"column":63},"end":{"line":28,"column":9}},"line":26},"5":{"name":"(anonymous_5)","decl":{"start":{"line":28,"column":16},"end":{"line":28,"column":17}},"loc":{"start":{"line":28,"column":32},"end":{"line":32,"column":9}},"line":28},"6":{"name":"wholeCartReducer","decl":{"start":{"line":38,"column":9},"end":{"line":38,"column":25}},"loc":{"start":{"line":38,"column":28},"end":{"line":50,"column":1}},"line":38}},"branchMap":{"0":{"loc":{"start":{"line":13,"column":46},"end":{"line":13,"column":92}},"type":"cond-expr","locations":[{"start":{"line":13,"column":70},"end":{"line":13,"column":73}},{"start":{"line":13,"column":76},"end":{"line":13,"column":92}}],"line":13},"1":{"loc":{"start":{"line":13,"column":46},"end":{"line":13,"column":67}},"type":"binary-expr","locations":[{"start":{"line":13,"column":46},"end":{"line":13,"column":49}},{"start":{"line":13,"column":53},"end":{"line":13,"column":67}}],"line":13},"2":{"loc":{"start":{"line":39,"column":16},"end":{"line":39,"column":86}},"type":"cond-expr","locations":[{"start":{"line":39,"column":69},"end":{"line":39,"column":81}},{"start":{"line":39,"column":84},"end":{"line":39,"column":86}}],"line":39},"3":{"loc":{"start":{"line":39,"column":16},"end":{"line":39,"column":66}},"type":"binary-expr","locations":[{"start":{"line":39,"column":16},"end":{"line":39,"column":36}},{"start":{"line":39,"column":40},"end":{"line":39,"column":66}}],"line":39},"4":{"loc":{"start":{"line":43,"column":4},"end":{"line":49,"column":5}},"type":"switch","locations":[{"start":{"line":44,"column":8},"end":{"line":45,"column":31}},{"start":{"line":47,"column":8},"end":{"line":48,"column":25}}],"line":43}},"s":{"0":1,"1":1,"2":1,"3":1,"4":1,"5":1,"6":1,"7":1,"8":1,"9":0,"10":0,"11":0,"12":0,"13":0,"14":0,"15":0,"16":3,"17":3,"18":3,"19":0,"20":3},"f":{"0":1,"1":0,"2":0,"3":0,"4":0,"5":0,"6":3},"b":{"0":[0,1],"1":[1,1],"2":[0,3],"3":[3,3],"4":[0,3]},"_coverageSchema":"332fd63041d2c1bcb487cc26dd0d5f7d97098a6c","hash":"1d46b5e7cf6f59b0e3ff159ecad261c2612159cd","contentHash":"028508109b49ad71d46e0de4084afd0a_11.4.1"},"/Users/danidewaal/Desktop/GraceShopper/client/store/cartItem.js":{"path":"/Users/danidewaal/Desktop/GraceShopper/client/store/cartItem.js","statementMap":{"0":{"start":{"line":3,"column":0},"end":{"line":5,"column":3}},"1":{"start":{"line":6,"column":0},"end":{"line":6,"column":64}},"2":{"start":{"line":7,"column":0},"end":{"line":7,"column":46}},"3":{"start":{"line":8,"column":0},"end":{"line":8,"column":30}},"4":{"start":{"line":10,"column":13},"end":{"line":10,"column":29}},"5":{"start":{"line":12,"column":14
[...]
{"loc":{"start":{"line":13,"column":46},"end":{"line":13,"column":92}},"type":"cond-expr","locations":[{"start":{"line":13,"column":70},"end":{"line":13,"column":73}},{"start":{"line":13,"column":76},"end":{"line":13,"column":92}}],"line":13},"1":{"loc":{"start":{"line":13,"column":46},"end":{"line":13,"column":67}},"type":"binary-expr","locations":[{"start":{"line":13,"column":46},"end":{"line":13,"column":49}},{"start":{"line":13,"column":53},"end":{"line":13,"column":67}}],"line":13}},"s":{"0":1,"1":1,"2":1,"3":1,"4":1,"5":1,"6":0,"7":1},"f":{"0":1,"1":0},"b":{"0":[0,1],"1":[1,1]},"_coverageSchema":"332fd63041d2c1bcb487cc26dd0d5f7d97098a6c","hash":"e78bf603fc51f3b824915408635d7e6f107e1663","contentHash":"be20cc26114694807f0fd3c2b33e74c5_11.4.1"},"/Users/danidewaal/Desktop/GraceShopper/client/admin/admin-home.js":{"path":"/Users/danidewaal/Desktop/GraceShopper/client/admin/admin-home.js","statementMap":{"0":{"start":{"line":3,"column":0},"end":{"line":5,"column":3}},"1":{"start":{"line":7,"column":19},"end":{"line":7,"column":563}},"2":{"start":{"line":7,"column":76},"end":{"line":7,"column":347}},"3":{"start":{"line":7,"column":134},"end":{"line":7,"column":142}},"4":{"start":{"line":7,"column":144},"end":{"line":7,"column":199}},"5":{"start":{"line":7,"column":200},"end":{"line":7,"column":231}},"6":{"start":{"line":7,"column":232},"end":{"line":7,"column":286}},"7":{"start":{"line":7,"column":259},"end":{"line":7,"column":286}},"8":{"start":{"line":7,"column":287},"end":{"line":7,"column":345}},"9":{"start":{"line":7,"column":350},"end":{"line":7,"column":559}},"10":{"start":{"line":7,"column":407},"end":{"line":7,"column":475}},"11":{"start":{"line":7,"column":423},"end":{"line":7,"column":475}},"12":{"start":{"line":7,"column":476},"end":{"line":7,"column":536}},"13":{"start":{"line":7,"column":493},"end":{"line":7,"column":536}},"14":{"start":{"line":7,"column":537},"end":{"line":7,"column":556}},"15":{"start":{"line":9,"column":13},"end":{"line":9,"column":29}},"16":{"start":{"line":11,"column":14},"end":{"line":11,"column":44}},"17":{"start":{"line":13,"column":18},"end":{"line":13,"column":40}},"18":{"start":{"line":15,"column":22},"end":{"line":15,"column":49}},"19":{"start":{"line":17,"column":13},"end":{"line":17,"column":32}},"20":{"start":{"line":19,"column":39},"end":{"line":19,"column":93}},"21":{"start":{"line":21,"column":50},"end":{"line":21,"column":151}},"22":{"start":{"line":21,"column":92},"end":{"line":21,"column":149}},"23":{"start":{"line":23,"column":50},"end":{"line":23,"column":151}},"24":{"start":{"line":23,"column":63},"end":{"line":23,"column":149}},"25":{"start":{"line":23,"column":152},"end":{"line":23,"column":238}},"26":{"start":{"line":25,"column":43},"end":{"line":25,"column":208}},"27":{"start":{"line":25,"column":106},"end":{"line":25,"column":206}},"28":{"start":{"line":25,"column":209},"end":{"line":25,"column":373}},"29":{"start":{"line":25,"column":374},"end":{"line":25,"column":492}},"30":{"start":{"line":25,"column":390},"end":{"line":25,"column":492}},"31":{"start":{"line":27,"column":16},"end":{"line":194,"column":19}},"32":{"start":{"line":28,"column":2},"end":{"line":28,"column":35}},"33":{"start":{"line":31,"column":4},"end":{"line":31,"column":37}},"34":{"start":{"line":33,"column":4},"end":{"line":33,"column":126}},"35":{"start":{"line":36,"column":2},"end":{"line":191,"column":6}},"36":{"start":{"line":39,"column":6},"end":{"line":39,"column":33}},"37":{"start":{"line":44,"column":19},"end":{"line":44,"column":29}},"38":{"start":{"line":45,"column":18},"end":{"line":45,"column":30}},"39":{"start":{"line":46,"column":21},"end":{"line":46,"column":36}},"40":{"start":{"line":47,"column":30},"end":{"line":47,"column":54}},"41":{"start":{"line":48,"column":31},"end":{"line":48,"column":56}},"42":{"start":{"line":51,"column":6},"end":{"line":51,"column":45}},"43":{"start":{"line":52,"column":6},"end":{"line":189,"column":8}},"44":{"start":{"line":95,"column":14},"end":{"line":145,"column":16}},"45":{"start":{"line":128,"column":26},"end":{"line":128,"column":67}},"46":{"start":{"line":139,"column":26},"end":{"line":139,"column":68}},"47":{"start":{"line":172,"column":14},"end":{"line":185,"column":16}},"48":{"start":{"line":193,"column":2},"end":{"line":193,"column":19}},"49":{"start":{"line":196,"column":22},"end":{"line":201,"column":1}},"50":{"start":{"line":197,"column":2},"end":{"line":200,"column":4}},"51":{"start":{"line":203,"column":25},"end":{"line":218,"column":1}},"52":{"start":{"line":204,"column":2},"end":{"line":217,"column":4}},"53":{"start":{"line":207,"column":6},"end":{"line":207,"column":44}},"54":{"start":{"line":210,"column":6},"end":{"line":210,"column":60}},"55":{"start":{"line":211,"column":6},"end":{"line":211,"column":44}},"56":{"start":{"line":214,"column":6},"end":{"line":214,"column":46}},"57":{"start":{"line":215,"column":6},"end":{"line":215,"column":44}},"58":{"start":{"line":220,"column":0},"end":{"line":220,"column":91}}},"fnMap":{"0":{"name":"(anonymous_0)","decl":{"start":{"line":7,"column":19},"end":{"line":7,"column":20}},"loc":{"start":{"line":7,"column":31},"end":{"line":7,"column":561}},"line":7},"1":{"name":"defineProperties","decl":{"start":{"line":7,"column":42},"end":{"line":7,"column":58}},"loc":{"start":{"line":7,"column":74},"end":{"line":7,"column":349}},"line":7},"2":{"name":"(anonymous_2)","decl":{"start":{"line":7,"column":357},"end":{"line":7,"column":358}},"loc":{"start":{"line":7,"column":405},"end":{"line":7,"column":558}},"line":7},"3":{"name":"_interopRequireDefault","decl":{"start":{"line":19,"column":9},"end":{"line":19,"column":31}},"loc":{"start":{"line":19,"column":37},"end":{"line":19,"column":95}},"line":19},"4":{"name":"_classCallCheck","decl":{"start":{"line":21,"column":9},"end":{"line":21,"column":24}},"loc":{"start":{"line":21,"column":48},"end":{"line":21,"column":153}},"line":21},"5":{"name":"_possibleConstructorReturn","decl":{"start":{"line":23,"column":9},"end":{"line":23,"column":35}},"loc":{"start":{"line":23,"column":48},"end":{"line":23,"column":240}},"line":23},"6":{"name":"_inherits","decl":{"start":{"line":25,"column":9},"end":{"line":25,"column":18}},"loc":{"start":{"line":25,"column":41},"end":{"line":25,"column":494}},"line":25},"7":{"name":"(anonymous_7)","decl":{"start":{"line":27,"column":16},"end":{"line":27,"column":17}},"loc":{"start":{"line":27,"column":38},"end":{"line":194,"column":1}},"line":27},"8":{"name":"AdminHome","decl":{"start":{"line":30,"column":11},"end":{"line":30,"column":20}},"loc":{"start":{"line":30,"column":23},"end":{"line":34,"column":3}},"line":30},"9":{"name":"componentDidMount","decl":{"start":{"line":38,"column":20},"end":{"line":38,"column":37}},"loc":{"start":{"line":38,"column":40},"end":{"line":40,"column":5}},"line":38},"10":{"name":"render","decl":{"start":{"line":43,"column":20},"end":{"line":43,"column":26}},"loc":{"start":{"line":43,"column":29},"end":{"line":190,"column":5}},"line":43},"11":{"name":"(anonymous_11)","decl":{"start":{"line":94,"column":22},"end":{"line":94,"column":23}},"loc":{"start":{"line":94,"column":38},"end":{"line":146,"column":13}},"line":94},"12":{"name":"onClick","decl":{"start":{"line":127,"column":42},"end":{"line":127,"column":49}},"loc":{"start":{"line":127,"column":57},"end":{"line":129,"column":25}},"line":127},"13":{"name":"onClick","decl":{"start":{"line":138,"column":42},"end":{"line":138,"column":49}},"loc":{"start":{"line":138,"column":57},"end":{"line":140,"column":25}},"line":138},"14":{"name":"(anonymous_14)","decl":{"start":{"line":171,"column":25},"end":{"line":171,"column":26}},"loc":{"start":{"line":171,"column":44},"end":{"line":186,"column":13}},"line":171},"15":{"name":"mapStateToProps","decl":{"start":{"line":196,"column":31},"end":{"line":196,"column":46}},"loc":{"start":{"line":196,"column":54},"end":{"line":201,"column":1}},"line":196},"16":{"name":"mapDispatchToProps","decl":{"start":{"line":203,"column":34},"end":{"line":203,"column":52}},"loc":{"start":{"line":203,"column":63},"end":{"line":218,"column":1}},"line":203},"17":{"name":"fetchUserData","decl":{"start":{"line":206,"column":28},"end":{"line":206,"column":41}},"loc":{"start":{"line":206,"column":44},"end":{"line":208,"column":5}},"line":206},"18":{"name":"handleAdminSubmit","decl":{"start":{"line":209,"column":32},"end":{"line":209,"column":49}},"loc":{"start":{"line":209,"column":61},"end":{"line":212,"column":5}},"line":209},"19":{"name":"handleDeleteSubmit","decl":{"start":{"line":213,"column":33},"end":{"line":213,"column":51}},"loc":{"start":{"line":213,"column":63},"end":{"line":216,"column":5}},"line":213}},"branchMap":{"0":{"loc":{"start":{"line":7,"column":168},"end":{"line":7,"column":198}},"type":"binary-expr","locations":[{"start":{"line":7,"column":168},"end":{"line":7,"column":189}},{"start":{"line":7,"column":193},"end":{"line":7,"column":198}}],"line":7},"1":{"loc":{"start":{"line":7,"column":232},"end":{"line":7,"column":286}},"type":"if","locations":[{"start":{"line":7,"column":232},"end":{"line":7,"column":286}},{"start":{"line":7,"column":232},"end":{"line":7,"column":286}}],"line":7},"2":{"loc":{"start":{"line":7,"column":407},"end":{"line":7,"column":475}},"type":"if","locations":[{"start":{"line":7,"column":407},"end":{"line":7,"column":475}},{"start":{"line":7,"column":407},"end":{"line":7,"column":475}}],"line":7},"3":{"loc":{"start":{"line":7,"column":476},"end":{"line":7,"column":536}},"type":"if","locations":[{"start":{"line":7,"column":476},"end":{"line":7,"column":536}},{"start":{"line":7,"column":476},"end":{"line":7,"column":536}}],"line":7},"4":{"loc":{"start":{"line":19,"column":46},"end":{"line":19,"column":92}},"type":"cond-expr","locations":[{"start":{"line":19,"column":70},"end":{"line":19,"column":73}},{"start":{"line":19,"column":76},"end":{"line":19,"column":92}}],"line":19},"5":{"loc":{"start":{"line":19,"column":46},"end":{"line":19,"column":67}},"type":"binary-expr","locations":[{"start":{"line":19,"column":46},"end":{"line":19,"column":49}},{"start":{"line":19,"column":53},"end":{"line":19,"column":67}}],"line":19},"6":{"loc":{"start":{"line":21,"column":50},"end":{"line":21,"column":151}},"type":"if","locations":[{"start":{"line":21,"column":50},"end":{"line":21,"column":151}},{"start":{"line":21,"column":50},"end":{"line":21,"column":151}}],"line":21},"7":{"loc":{"start":{"line":23,"column":50},"end":{"line":23,"column":151}},"type":"if","locations":[{"start":{"line":23,"column":50},"end":{"line":23,"column":151}},{"start":{"line":23,"column":50},"end":{"line":23,"column":151}}],"line":23},"8":{"loc":{"start":{"line":23,"column":159},"end":{"line":23,"column":237}},"type":"cond-expr","locations":[{"start":{"line":23,"column":226},"end":{"line":23,"column":230}},{"start":{"line":23,"column":233},"end":{"line":23,"column":237}}],"line":23},"9":{"loc":{"start":{"line":23,"column":159},"end":{"line":23,"column":223}},"type":"binary-expr","locations":[{"start":{"line":23,"column":159},"end":{"line":23,"column":163}},{"start":{"line":23,"column":168},"end":{"line":23,"column":192}},{"start":{"line":23,"column":196},"end":{"line":23,"column":222}}],"line":23},"10":{"loc":{"start":{"line":25,"column":43},"end":{"line":25,"column":208}},"type":"if","locations":[{"start":{"line":25,"column":43},"end":{"line":25,"column":208}},{"start":{"line":25,"column":43},"end":{"line":25,"column":208}}],"line":25},"11":{"loc":{"start":{"line":25,"column":47},"end":{"line":25,"column":102}},"type":"binary-expr","locations":[{"start":{"line":25,"column":47},"end":{"line":25,"column":79}},{"start":{"line":25,"column":83},"end":{"line":25,"column":102}}],"line":25},"12":{"loc":{"start":{"line":25,"column":244},"end":{"line":25,"column":278}},"type":"binary-expr","locations":[{"start":{"line":25,"column":244},"end":{"line":25,"column":254}},{"start":{"line":25,"column":258},"end":{"line":25,"column":278}}],"line":25},"13":{"loc":{"start":{"line":25,"column":374},"end":{"line":25,"column":492}},"type":"if","locations":[{"start":{"line":25,"column":374},"end":{"line":25,"column":492}},{"start":{"line":25,"column":374},"end":{"line":25,"column":492}}],"line":25},"14":{"loc":{"start":{"line":25,"column":390},"end":{"line":25,"column":491}},"type":"cond-expr","locations":[{"start":{"line":25,"column":414},"end":{"line":25,"column":457}},{"start":{"line":25,"column":460},"end":{"line":25,"column":491}}],"line":25},"15":{"loc":{"start":{"line":33,"column":45},"end":{"line":33,"column":100}},"type":"binary-expr","locations":[{"start":{"line":33,"column":45},"end":{"line":33,"column":64}},{"start":{"line":33,"column":68},"end":{"line":33,"column":100}}],"line":33},"16":{"loc":{"start":{"line":110,"column":16},"end":{"line":118,"column":17}},"type":"cond-expr","locations":[{"start":{"line":110,"column":31},"end":{"line":114,"column":17}},{"start":{"line":114,"column":20},"end":{"line":118,"column":17}}],"line":110}},"s":{"0":1,"1":1,"2":1,"3":2,"4":2,"5":2,"6":2,"7":2,"8":2,"9":1,"10":1,"11":1,"12":1,"13":0,"14":1,"15":1,"16":1,"17":1,"18":1,"19":1,"20":1,"21":0,"22":0,"23":0,"24":0,"25":0,"26":1,"27":0,"28":1,"29":1,"30":1,"31":1,"32":1,"33":0,"34":0,"35":1,"36":0,"37":0,"38":0,"39":0,"40":0,"41":0,"42":0,"43":0,"44":0,"45":0,"46":0,"47":0,"48":1,"49":1,"50":0,"51":1,"52":0,"53":0,"54":0,"55":0,"56":0,"57":0,"58":1},"f":{"0":1,"1":1,"2":1,"3":1,"4":0,"5":0,"6":1,"7":1,"8":0,"9":0,"10":0,"11":0,"12":0,"13":0,"14":0,"15":0,"16":0,"17":0,"18":0,"19":0},"b":{"0":[2,2],"1":[2,0],"2":[1,0],"3":[0,1],"4":[0,1],"5":[1,1],"6":[0,0],"7":[0,0],"8":[0,0],"9":[0,0,0],"10":[0,1],"11":[1,0],"12":[1,1],"13":[1,0],"14":[1,0],"15":[0,0],"16":[0,0]},"_coverageSchema":"332fd63041d2c1bcb487cc26dd0d5f7d97098a6c","hash":"879a6dfb83b42ae22298da69103b8f78b613a39f","contentHash":"e05b2b26261c1fc0901d79239823df23_11.4.1"},"/Users/danidewaal/Desktop/GraceShopper/client/admin/editProduct.js":{"path":"/Users/danidewaal/Desktop/GraceShopper/client/admin/editProduct.js","statementMap":{"0":{"start":{"line":3,"column":0},"end":{"line":5,"column":3}},"1":{"start":{"line":7,"column":13},"end":{"line":7,"column":29}},"2":{"start":{"line":9,"column":14},"end":{"line":9,"column":44}},"3":{"start":{"line":11,"column":18},"end":{"line":11,"column":40}},"4":{"start":{"line":13,"column":13},"end":{"line":13,"column":32}},"5":{"start":{"line":15,"column":39},"end":{"line":15,"column":93}},"6":{"start":{"line":17,"column":18},"end":{"line":144,"column":1}},"7":{"start":{"line":18,"column":2},"end":{"line":18,"column":54}},"8":{"start":{"line":19,"column":24},"end":{"line":19,"column":45}},"9":{"start":{"line":20,"column":27},"end":{"line":20,"column":51}},"10":{"start":{"line":21,"column":19},"end":{"line":21,"column":35}},"11":{"start":{"line":23,"column":16},"end":{"line":23,"column":32}},"12":{"start":{"line":25,"column":2},"end":{"line":143,"column":4}},"13":{"start":{"line":70,"column":10},"end":{"line":76,"column":12}},"14":{"start":{"line":128,"column":8},"end":{"line":134,"column":10}},"15":{"start":{"line":146,"column":22},"end":{"line":154,"column":1}},"16":{"start":{"line":147,"column":2},"end":{"line":147,"column":37}},"17":{"start":{"line":148,"column":2},"end":{"line":153,"column":4}},"18":{"start":{"line":150,"column":6},"end":{"line":150,"column":54}},"19":{"start":{"line":156,"column":25},"end":{"line":188,"column":1}},"20":{"start":{"line":157,"column":11},"end":{"line":157,"column":35}},"21":{"start":{"line":160,"column":2},"end":{"line":187,"column":4}},"22":{"start":{"line":162,"column":6},"end":{"line":162,"column":29}},"23":{"start":{"line":163,"column":18},"end":{"line":163,"column":58}},"24":{"start":{"line":164,"column":18},"end":{"line":164,"column":42}},"25":{"start":{"line":165,"column":24},"end":{"line":165,"column":54}},"26":{"start":{"line":166,"column":21},"end":{"line":166,"column":48}},"27":{"start":{"line":167,"column":18},"end":{"line":167,"column":42}},"28":{"start":{"line":168,"column":18},"end":{"line":168,"column":49}},"29":{"start":{"line":169,"column":23},"end":{"line":169,"column":66}},"30":{"start":{"line":171,"column":6},"end":{"line":171,"column":158}},"31":{"start":{"line":172,"column":6},"end":{"line":172,"column":37}},"32":{"start":{"line":175,"column":6},"end":{"line":175,"column":29}},"33":{"start":{"line":176,"column":18},"end":{"line":176,"column":58}},"34":{"start":{"line":177,"column":18},"end":{"line":177,"column":42}},"35":{"start":{"line":178,"column":24},"end":{"line":178,"column":54}},"36":{"start":{"line":179,"column":21},"end":{"line":179,"column":48}},"37":{"start":{"line":180,"column":18},"end":{"line":180,"column":42}},"38":{"start":{"line":181,"column":18},"end":{"line":181,"column":49}},"39":{"start":{"line":182,"column":23},"end":{"line":182,"column":66}},"40":{"start":{"line":184,"column":6},"end":{"line":184,"column":155}},"41":{"start":{"line":185,"column":6},"end":{"line":185,"column":37}},"42":{"start":{"line":190,"column":0},"end":{"line":190,"column":93}}},"fnMap":{"0":{"name":"_interopRequireDefault","decl":{"start":{"line":15,"column":9},"end":{"line":15,"column":31}},"loc":{"start":{"line":15,"column":37},"end":{"line":15,"column":95}},"line":15},"1":{"name":"EditProduct","decl":{"start":{"line":17,"column":27},"end":{"line":17,"column":38}},"loc":{"start":{"line":17,"column":46},"end":{"line":144,"column":1}},"line":17},"2":{"name":"(anonymous_2)","decl":{"start":{"line":69,"column":23},"end":{"line":69,"column":24}},"loc":{"start":{"line":69,"column":43},"end":{"line":77,"column":9}},"line":69},"3":{"name":"(anonymous_3)","decl":{"start":{"line":127,"column":21},"end":{"line":127,"column":22}},"loc":{"start":{"line":127,"column":41},"end":{"line":135,"column":7}},"line":127},"4":{"name":"mapStateToProps","decl":{"start":{"line":146,"column":31},"end":{"line":146,"column":46}},"loc":{"start":{"line":146,"column":64},"end":{"line":154,"column":1}},"line":146},"5":{"name":"(anonymous_5)","decl":{"start":{"line":149,"column":35},"end":{"line":149,"column":36}},"loc":{"start":{"line":149,"column":54},"end":{"line":151,"column":5}},"line":149},"6":{"name":"mapDispatchToProps","decl":{"start":{"line":156,"column":34},"end":{"line":156,"column":52}},"loc":{"start":{"line":156,"column":73},"end":{"line":188,"column":1}},"line":156},"7":{"name":"handleAddSubmit","decl":{"start":{"line":161,"column":30},"end":{"line":161,"column":45}},"loc":{"start":{"line":161,"column":53},"end":{"line":173,"column":5}},"line":161},"8":{"name":"handleUpdateSubmit","decl":{"start":{"line":174,"column":33},"end":{"line":174,"column":51}},"loc":{"start":{"line":174,"column":59},"end":{"line":186,"column":5}},"line":174}},"branchMap":{"0":{"loc":{"start":{"line":15,"column":46},"end":{"line":15,"column":92}},"type":"cond-expr","locations":[{"start":{"line":15,"column":70},"end":{"line":15,"column":73}},{"start":{"line":15,"column":76},"end":{"line":15,"column":92}}],"line":15},"1":{"loc":{"start":{"line":15,"column":46},"end":{"line":15,"column":67}},"type":"binary-expr","locations":[{"start":{"line":15,"column":46},"end":{"line":15,"column":49}},{"start":{"line":15,"column":53},"end":{"line":15,"column":67}}],"line":15},"2":{"loc":{"start":{"line":25,"column":9},"end":{"line":143,"column":3}},"type":"cond-expr","locations":[{"start":{"line":25,"column":19},"end":{"line":86,"column":3}},{"start":{"line":86,"column":6},"end":{"line":143,"column":3}}],"line":25}},"s":{"0":1,"1":1,"2":1,"3":1,"4":1,"5":1,"6":1,"7":0,"8":0,"9":0,"10":0,"11":0,"12":0,"13":0,"14":0,"15":1,"16":0,"17":0,"18":0,"19":1,"20":0,"21":0,"22":0,"23":0,"24":0,"25":0,"26":0,"27":0,"28":0,"29":0,"30":0,"31":0,"32":0,"33":0,"34":0,"35":0,"36":0,"37":0,"38":0,"39":0,"40":0,"41":0,"42":1},"f":{"0":1,"1":0,"2":0,"3":0,"4":0,"5":0,"6":0,"7":0,"8":0},"b":{"0":[0,1],"1":[1,1],"2":[0,0]},"_coverageSchema":"332fd63041d2c1bcb487cc26dd0d5f7d97098a6c","hash":"b9ac5bd99e4de49613ce7417ebba0dfa5aeb2638","contentHash":"0bb4ffd7e60377a6c98b24384665330e_11.4.1"}}